Log file open, 05/22/18 16:45:03
LogWindows: Failed to load 'aqProf.dll' (GetLastError=126)
LogWindows: File 'aqProf.dll' does not exist
LogWindows: Failed to load 'VtuneApi.dll' (GetLastError=126)
LogWindows: File 'VtuneApi.dll' does not exist
LogWindows: Failed to load 'VtuneApi32e.dll' (GetLastError=126)
LogWindows: File 'VtuneApi32e.dll' does not exist
LogInit: Display: Running engine for game: EcoChampion
LogPlatformFile: Not using cached read wrapper
LogInit: Display: RandInit(-598438031) SRandInit(-598438031).
LogInit: Read version file with build ID '3944462'
LogInit: Overriding engine version to CL 4033788, compatible CL 3944462
LogInit: Registered custom module enumerator with build ID '3944462'
LogTaskGraph: Started task graph with 5 named threads and 14 total threads with 3 sets of task threads.
LogStats: Stats thread started at 0.306588
LogD3D11RHI: Aftermath initialized
LogICUInternationalization: Display: ICU TimeZone Detection - Raw Offset: +1:00, Platform Override: ''
LogModuleManager: Display: Found up-to-date module file ../../../Engine/Plugins/2D/Paper2D/Binaries/Win64/UE4Editor-Paper2D.dll (API version 3944462).
LogModuleManager: Display: Found up-to-date module file ../../../Engine/Plugins/2D/Paper2D/Binaries/Win64/UE4Editor-Paper2DEditor.dll (API version 3944462).
LogModuleManager: Display: Found up-to-date module file ../../../Engine/Plugins/2D/Paper2D/Binaries/Win64/UE4Editor-PaperSpriteSheetImporter.dll (API version 3944462).
LogModuleManager: Display: Found up-to-date module file ../../../Engine/Plugins/2D/Paper2D/Binaries/Win64/UE4Editor-PaperTiledImporter.dll (API version 3944462).
LogModuleManager: Display: Found up-to-date module file ../../../Engine/Plugins/2D/Paper2D/Binaries/Win64/UE4Editor-SmartSnapping.dll (API version 3944462).
LogModuleManager: Display: Found up-to-date module file ../../../Engine/Plugins/Blendables/LightPropagationVolume/Binaries/Win64/UE4Editor-LightPropagationVolumeRuntime.dll (API version 3944462).
LogModuleManager: Display: Found up-to-date module file ../../../Engine/Plugins/Blendables/LightPropagationVolume/Binaries/Win64/UE4Editor-LightPropagationVolumeEditor.dll (API version 3944462).
LogModuleManager: Display: Found up-to-date module file ../../../Engine/Plugins/Developer/CLionSourceCodeAccess/Binaries/Win64/UE4Editor-CLionSourceCodeAccess.dll (API version 3944462).
LogModuleManager: Display: Found up-to-date module file ../../../Engine/Plugins/Developer/GitSourceControl/Binaries/Win64/UE4Editor-GitSourceControl.dll (API version 3944462).
LogModuleManager: Display: Found up-to-date module file ../../../Engine/Plugins/Developer/PerforceSourceControl/Binaries/Win64/UE4Editor-PerforceSourceControl.dll (API version 3944462).
LogModuleManager: Display: Found up-to-date module file ../../../Engine/Plugins/Developer/SubversionSourceControl/Binaries/Win64/UE4Editor-SubversionSourceControl.dll (API version 3944462).
LogModuleManager: Display: Found up-to-date module file ../../../Engine/Plugins/Developer/UObjectPlugin/Binaries/Win64/UE4Editor-UObjectPlugin.dll (API version 3944462).
LogModuleManager: Display: Found up-to-date module file ../../../Engine/Plugins/Developer/VisualStudioCodeSourceCodeAccess/Binaries/Win64/UE4Editor-VisualStudioCodeSourceCodeAccess.dll (API version 3944462).
LogModuleManager: Display: Found up-to-date module file ../../../Engine/Plugins/Developer/VisualStudioSourceCodeAccess/Binaries/Win64/UE4Editor-VisualStudioSourceCodeAccess.dll (API version 3944462).
LogModuleManager: Display: Found up-to-date module file ../../../Engine/Plugins/Editor/AssetManagerEditor/Binaries/Win64/UE4Editor-AssetManagerEditor.dll (API version 3944462).
LogModuleManager: Display: Found up-to-date module file ../../../Engine/Plugins/Editor/CryptoKeys/Binaries/Win64/UE4Editor-CryptoKeys.dll (API version 3944462).
LogModuleManager: Display: Found up-to-date module file ../../../Engine/Plugins/Editor/CryptoKeys/Binaries/Win64/UE4Editor-CryptoKeysOpenSSL.dll (API version 3944462).
LogModuleManager: Display: Found up-to-date module file ../../../Engine/Plugins/Editor/DataValidation/Binaries/Win64/UE4Editor-DataValidation.dll (API version 3944462).
LogModuleManager: Display: Found up-to-date module file ../../../Engine/Plugins/Editor/FacialAnimation/Binaries/Win64/UE4Editor-FacialAnimation.dll (API version 3944462).
LogModuleManager: Display: Found up-to-date module file ../../../Engine/Plugins/Editor/FacialAnimation/Binaries/Win64/UE4Editor-FacialAnimationEditor.dll (API version 3944462).
LogModuleManager: Display: Found up-to-date module file ../../../Engine/Plugins/Editor/GameplayTagsEditor/Binaries/Win64/UE4Editor-GameplayTagsEditor.dll (API version 3944462).
LogModuleManager: Display: Found up-to-date module file ../../../Engine/Plugins/Editor/MobileLauncherProfileWizard/Binaries/Win64/UE4Editor-MobileLauncherProfileWizard.dll (API version 3944462).
LogModuleManager: Display: Found up-to-date module file ../../../Engine/Plugins/Editor/PluginBrowser/Binaries/Win64/UE4Editor-PluginBrowser.dll (API version 3944462).
LogModuleManager: Display: Found up-to-date module file ../../../Engine/Plugins/Editor/SpeedTreeImporter/Binaries/Win64/UE4Editor-SpeedTreeImporter.dll (API version 3944462).
LogModuleManager: Display: Found up-to-date module file ../../../Engine/Plugins/Enterprise/DatasmithContent/Binaries/Win64/UE4Editor-DatasmithContent.dll (API version 3944462).
LogModuleManager: Display: Found up-to-date module file ../../../Engine/Plugins/Experimental/AlembicImporter/Binaries/Win64/UE4Editor-AlembicImporter.dll (API version 3944462).
LogModuleManager: Display: Found up-to-date module file ../../../Engine/Plugins/Experimental/AlembicImporter/Binaries/Win64/UE4Editor-AlembicLibrary.dll (API version 3944462).
LogModuleManager: Display: Found up-to-date module file ../../../Engine/Plugins/Experimental/CharacterAI/Binaries/Win64/UE4Editor-CharacterAI.dll (API version 3944462).
LogModuleManager: Display: Found up-to-date module file ../../../Engine/Plugins/Experimental/HTML5Networking/Binaries/Win64/UE4Editor-HTML5Networking.dll (API version 3944462).
LogModuleManager: Display: Found up-to-date module file ../../../Engine/Plugins/Media/AndroidMedia/Binaries/Win64/UE4Editor-AndroidMediaEditor.dll (API version 3944462).
LogModuleManager: Display: Found up-to-date module file ../../../Engine/Plugins/Media/AndroidMedia/Binaries/Win64/UE4Editor-AndroidMediaFactory.dll (API version 3944462).
LogModuleManager: Display: Found up-to-date module file ../../../Engine/Plugins/Media/AvfMedia/Binaries/Win64/UE4Editor-AvfMediaEditor.dll (API version 3944462).
LogModuleManager: Display: Found up-to-date module file ../../../Engine/Plugins/Media/AvfMedia/Binaries/Win64/UE4Editor-AvfMediaFactory.dll (API version 3944462).
LogModuleManager: Display: Found up-to-date module file ../../../Engine/Plugins/Media/AvfMedia/Binaries/Win64/UE4Editor-AvfMediaFactory.dll (API version 3944462).
LogModuleManager: Display: Found up-to-date module file ../../../Engine/Plugins/Media/ImgMedia/Binaries/Win64/UE4Editor-ImgMedia.dll (API version 3944462).
LogModuleManager: Display: Found up-to-date module file ../../../Engine/Plugins/Media/ImgMedia/Binaries/Win64/UE4Editor-ImgMediaEditor.dll (API version 3944462).
LogModuleManager: Display: Found up-to-date module file ../../../Engine/Plugins/Media/ImgMedia/Binaries/Win64/UE4Editor-ImgMediaFactory.dll (API version 3944462).
LogModuleManager: Display: Found up-to-date module file ../../../Engine/Plugins/Media/ImgMedia/Binaries/Win64/UE4Editor-ImgMediaFactory.dll (API version 3944462).
LogModuleManager: Display: Found up-to-date module file ../../../Engine/Plugins/Media/ImgMedia/Binaries/Win64/UE4Editor-OpenExrWrapper.dll (API version 3944462).
LogModuleManager: Display: Found up-to-date module file ../../../Engine/Plugins/Media/LinearTimecode/Binaries/Win64/UE4Editor-LinearTimecode.dll (API version 3944462).
LogModuleManager: Display: Found up-to-date module file ../../../Engine/Plugins/Media/MediaCompositing/Binaries/Win64/UE4Editor-MediaCompositing.dll (API version 3944462).
LogModuleManager: Display: Found up-to-date module file ../../../Engine/Plugins/Media/MediaCompositing/Binaries/Win64/UE4Editor-MediaCompositingEditor.dll (API version 3944462).
LogModuleManager: Display: Found up-to-date module file ../../../Engine/Plugins/Media/MediaPlayerEditor/Binaries/Win64/UE4Editor-MediaPlayerEditor.dll (API version 3944462).
LogModuleManager: Display: Found up-to-date module file ../../../Engine/Plugins/Media/WmfMedia/Binaries/Win64/UE4Editor-WmfMedia.dll (API version 3944462).
LogModuleManager: Display: Found up-to-date module file ../../../Engine/Plugins/Media/WmfMedia/Binaries/Win64/UE4Editor-WmfMediaEditor.dll (API version 3944462).
LogModuleManager: Display: Found up-to-date module file ../../../Engine/Plugins/Media/WmfMedia/Binaries/Win64/UE4Editor-WmfMediaFactory.dll (API version 3944462).
LogModuleManager: Display: Found up-to-date module file ../../../Engine/Plugins/Media/WmfMedia/Binaries/Win64/UE4Editor-WmfMediaFactory.dll (API version 3944462).
LogModuleManager: Display: Found up-to-date module file ../../../Engine/Plugins/Messaging/TcpMessaging/Binaries/Win64/UE4Editor-TcpMessaging.dll (API version 3944462).
LogModuleManager: Display: Found up-to-date module file ../../../Engine/Plugins/Messaging/UdpMessaging/Binaries/Win64/UE4Editor-UdpMessaging.dll (API version 3944462).
LogModuleManager: Display: Found up-to-date module file ../../../Engine/Plugins/MovieScene/ActorSequence/Binaries/Win64/UE4Editor-ActorSequence.dll (API version 3944462).
LogModuleManager: Display: Found up-to-date module file ../../../Engine/Plugins/MovieScene/LevelSequenceEditor/Binaries/Win64/UE4Editor-LevelSequenceEditor.dll (API version 3944462).
LogModuleManager: Display: Found up-to-date module file ../../../Engine/Plugins/MovieScene/MatineeToLevelSequence/Binaries/Win64/UE4Editor-MatineeToLevelSequence.dll (API version 3944462).
LogModuleManager: Display: Found up-to-date module file ../../../Engine/Plugins/NetcodeUnitTest/NetcodeUnitTest/Binaries/Win64/UE4Editor-NetcodeUnitTest.dll (API version 3944462).
LogModuleManager: Display: Found up-to-date module file ../../../Engine/Plugins/NetcodeUnitTest/NUTUnrealEngine4/Binaries/Win64/UE4Editor-NUTUnrealEngine4.dll (API version 3944462).
LogModuleManager: Display: Found up-to-date module file ../../../Engine/Plugins/Online/OnlineSubsystem/Binaries/Win64/UE4Editor-OnlineSubsystem.dll (API version 3944462).
LogModuleManager: Display: Found up-to-date module file ../../../Engine/Plugins/Runtime/AndroidPermission/Binaries/Win64/UE4Editor-AndroidPermission.dll (API version 3944462).
LogModuleManager: Display: Found up-to-date module file ../../../Engine/Plugins/Online/OnlineSubsystemNull/Binaries/Win64/UE4Editor-OnlineSubsystemNull.dll (API version 3944462).
LogModuleManager: Display: Found up-to-date module file ../../../Engine/Plugins/Online/OnlineSubsystemUtils/Binaries/Win64/UE4Editor-OnlineSubsystemUtils.dll (API version 3944462).
LogModuleManager: Display: Found up-to-date module file ../../../Engine/Plugins/Online/OnlineSubsystemUtils/Binaries/Win64/UE4Editor-OnlineBlueprintSupport.dll (API version 3944462).
LogModuleManager: Display: Found up-to-date module file ../../../Engine/Plugins/Runtime/AndroidDeviceProfileSelector/Binaries/Win64/UE4Editor-AndroidDeviceProfileSelector.dll (API version 3944462).
LogModuleManager: Display: Found up-to-date module file ../../../Engine/Plugins/Runtime/AppleARKit/Binaries/Win64/UE4Editor-AppleARKit.dll (API version 3944462).
LogModuleManager: Display: Found up-to-date module file ../../../Engine/Plugins/Runtime/ProceduralMeshComponent/Binaries/Win64/UE4Editor-ProceduralMeshComponent.dll (API version 3944462).
LogModuleManager: Display: Found up-to-date module file ../../../Engine/Plugins/Runtime/ProceduralMeshComponent/Binaries/Win64/UE4Editor-ProceduralMeshComponentEditor.dll (API version 3944462).
LogModuleManager: Display: Found up-to-date module file ../../../Engine/Plugins/Animation/LiveLink/Binaries/Win64/UE4Editor-LiveLink.dll (API version 3944462).
LogModuleManager: Display: Found up-to-date module file ../../../Engine/Plugins/Animation/LiveLink/Binaries/Win64/UE4Editor-LiveLinkEditor.dll (API version 3944462).
LogModuleManager: Display: Found up-to-date module file ../../../Engine/Plugins/Runtime/ArchVisCharacter/Binaries/Win64/UE4Editor-ArchVisCharacter.dll (API version 3944462).
LogModuleManager: Display: Found up-to-date module file ../../../Engine/Plugins/Runtime/AudioCapture/Binaries/Win64/UE4Editor-AudioCapture.dll (API version 3944462).
LogModuleManager: Display: Found up-to-date module file ../../../Engine/Plugins/Runtime/AudioCapture/Binaries/Win64/UE4Editor-AudioCaptureEditor.dll (API version 3944462).
LogModuleManager: Display: Found up-to-date module file ../../../Engine/Plugins/Runtime/CableComponent/Binaries/Win64/UE4Editor-CableComponent.dll (API version 3944462).
LogModuleManager: Display: Found up-to-date module file ../../../Engine/Plugins/Runtime/CustomMeshComponent/Binaries/Win64/UE4Editor-CustomMeshComponent.dll (API version 3944462).
LogModuleManager: Display: Found up-to-date module file ../../../Engine/Plugins/Runtime/ExampleDeviceProfileSelector/Binaries/Win64/UE4Editor-ExampleDeviceProfileSelector.dll (API version 3944462).
LogModuleManager: Display: Found up-to-date module file ../../../Engine/Plugins/Runtime/ImmediatePhysics/Binaries/Win64/UE4Editor-ImmediatePhysics.dll (API version 3944462).
LogModuleManager: Display: Found up-to-date module file ../../../Engine/Plugins/Runtime/ImmediatePhysics/Binaries/Win64/UE4Editor-ImmediatePhysicsEditor.dll (API version 3944462).
LogModuleManager: Display: Found up-to-date module file ../../../Engine/Plugins/Runtime/LocationServicesBPLibrary/Binaries/Win64/UE4Editor-LocationServicesBPLibrary.dll (API version 3944462).
LogModuleManager: Display: Found up-to-date module file ../../../Engine/Plugins/Runtime/MobilePatchingUtils/Binaries/Win64/UE4Editor-MobilePatchingUtils.dll (API version 3944462).
LogModuleManager: Display: Found up-to-date module file ../../../Engine/Plugins/Runtime/Oculus/OculusVR/Binaries/Win64/UE4Editor-OculusHMD.dll (API version 3944462).
LogModuleManager: Display: Found up-to-date module file ../../../Engine/Plugins/Runtime/Oculus/OculusVR/Binaries/Win64/UE4Editor-OculusInput.dll (API version 3944462).
LogModuleManager: Display: Found up-to-date module file ../../../Engine/Plugins/Runtime/Oculus/OculusVR/Binaries/Win64/UE4Editor-OculusEditor.dll (API version 3944462).
LogModuleManager: Display: Found up-to-date module file ../../../Engine/Plugins/Runtime/PhysXVehicles/Binaries/Win64/UE4Editor-PhysXVehicles.dll (API version 3944462).
LogModuleManager: Display: Found up-to-date module file ../../../Engine/Plugins/Runtime/PhysXVehicles/Binaries/Win64/UE4Editor-PhysXVehiclesEditor.dll (API version 3944462).
LogModuleManager: Display: Found up-to-date module file ../../../Engine/Plugins/Runtime/RuntimePhysXCooking/Binaries/Win64/UE4Editor-RuntimePhysXCooking.dll (API version 3944462).
LogModuleManager: Display: Found up-to-date module file ../../../Engine/Plugins/Runtime/Steam/SteamVR/Binaries/Win64/UE4Editor-SteamVR.dll (API version 3944462).
LogModuleManager: Display: Found up-to-date module file ../../../Engine/Plugins/Runtime/Steam/SteamVR/Binaries/Win64/UE4Editor-SteamVRController.dll (API version 3944462).
LogModuleManager: Display: Found up-to-date module file ../../../Engine/Plugins/Runtime/WindowsMoviePlayer/Binaries/Win64/UE4Editor-WindowsMoviePlayer.dll (API version 3944462).
LogPluginManager: Mounting plugin Paper2D
LogPluginManager: Mounting plugin LiveLink
LogPluginManager: Mounting plugin LightPropagationVolume
LogPluginManager: Mounting plugin CLionSourceCodeAccess
LogPluginManager: Mounting plugin CodeLiteSourceCodeAccess
LogPluginManager: Mounting plugin GitSourceControl
LogPluginManager: Mounting plugin KDevelopSourceCodeAccess
LogPluginManager: Mounting plugin NullSourceCodeAccess
LogPluginManager: Mounting plugin PerforceSourceControl
LogPluginManager: Mounting plugin SubversionSourceControl
LogPluginManager: Mounting plugin UObjectPlugin
LogPluginManager: Mounting plugin VisualStudioCodeSourceCodeAccess
LogPluginManager: Mounting plugin VisualStudioSourceCodeAccess
LogPluginManager: Mounting plugin XCodeSourceCodeAccess
LogPluginManager: Mounting plugin AssetManagerEditor
LogPluginManager: Mounting plugin CryptoKeys
LogPluginManager: Mounting plugin DataValidation
LogPluginManager: Mounting plugin FacialAnimation
LogPluginManager: Mounting plugin GameplayTagsEditor
LogPluginManager: Mounting plugin MobileLauncherProfileWizard
LogPluginManager: Mounting plugin PluginBrowser
LogPluginManager: Mounting plugin SpeedTreeImporter
LogPluginManager: Mounting plugin DatasmithContent
LogPluginManager: Mounting plugin AlembicImporter
LogPluginManager: Mounting plugin CharacterAI
LogPluginManager: Mounting plugin HTML5Networking
LogPluginManager: Mounting plugin AndroidMedia
LogPluginManager: Mounting plugin AvfMedia
LogPluginManager: Mounting plugin ImgMedia
LogPluginManager: Mounting plugin LinearTimecode
LogPluginManager: Mounting plugin MediaCompositing
LogPluginManager: Mounting plugin MediaPlayerEditor
LogPluginManager: Mounting plugin WmfMedia
LogPluginManager: Mounting plugin TcpMessaging
LogPluginManager: Mounting plugin UdpMessaging
LogPluginManager: Mounting plugin ActorSequence
LogPluginManager: Mounting plugin LevelSequenceEditor
LogPluginManager: Mounting plugin MatineeToLevelSequence
LogPluginManager: Mounting plugin NetcodeUnitTest
LogPluginManager: Mounting plugin NUTUnrealEngine4
LogPluginManager: Mounting plugin OnlineSubsystemGooglePlay
LogPluginManager: Mounting plugin OnlineSubsystemIOS
LogPluginManager: Mounting plugin OnlineSubsystem
LogPluginManager: Mounting plugin OnlineSubsystemNull
LogPluginManager: Mounting plugin OnlineSubsystemUtils
LogPluginManager: Mounting plugin AndroidDeviceProfileSelector
LogPluginManager: Mounting plugin AndroidMoviePlayer
LogPluginManager: Mounting plugin AndroidPermission
LogPluginManager: Mounting plugin AppleARKit
LogPluginManager: Mounting plugin AppleMoviePlayer
LogPluginManager: Mounting plugin ArchVisCharacter
LogPluginManager: Mounting plugin AudioCapture
LogPluginManager: Mounting plugin CableComponent
LogPluginManager: Mounting plugin CustomMeshComponent
LogPluginManager: Mounting plugin ExampleDeviceProfileSelector
LogPluginManager: Mounting plugin GoogleCloudMessaging
LogPluginManager: Mounting plugin ImmediatePhysics
LogPluginManager: Mounting plugin IOSDeviceProfileSelector
LogPluginManager: Mounting plugin LinuxDeviceProfileSelector
LogPluginManager: Mounting plugin LocationServicesBPLibrary
LogPluginManager: Mounting plugin MobilePatchingUtils
LogPluginManager: Mounting plugin OculusVR
LogPluginManager: Plugin shader directory ../../../Engine/Plugins/Runtime/Oculus/OculusVR/Shaders found
LogPluginManager: Mapping shader source directory ../../../Engine/Plugins/Runtime/Oculus/OculusVR/Shaders to virtual directory /Plugin/OculusVR
LogPluginManager: Mounting plugin PhysXVehicles
LogPluginManager: Mounting plugin ProceduralMeshComponent
LogPluginManager: Mounting plugin RuntimePhysXCooking
LogPluginManager: Mounting plugin SteamVR
LogPluginManager: Mounting plugin WindowsMoviePlayer
LogStreaming: Display: Took  3.657s to configure plugins.
LogInit: Using libcurl 7.47.1
LogInit:  - built for x86_64-pc-win32
LogInit:  - supports SSL with OpenSSL/1.0.2g
LogInit:  - supports HTTP deflate (compression) using libz 1.2.8
LogInit:  - other features:
LogInit:      CURL_VERSION_SSL
LogInit:      CURL_VERSION_LIBZ
LogInit:      CURL_VERSION_IPV6
LogInit:      CURL_VERSION_ASYNCHDNS
LogInit:      CURL_VERSION_LARGEFILE
LogInit:      CURL_VERSION_IDN
LogInit:  CurlRequestOptions (configurable via config and command line):
LogInit:  - bVerifyPeer = false  - Libcurl will NOT verify peer certificate
LogInit:  - bUseHttpProxy = false  - Libcurl will NOT use HTTP proxy
LogInit:  - bDontReuseConnections = false  - Libcurl will reuse connections
LogInit:  - CertBundlePath = nullptr  - Libcurl will use whatever was configured at build time.
LogInit:  - MaxHostConnections = 16  - Libcurl will limit the number of connections to a host
LogInit:  - LocalHostAddr = Default
LogInit: WinSock: version 1.1 (2.2), MaxSocks=32767, MaxUdp=65467
LogInit: WinSock: I am Dakon (192.168.1.5:0)
LogInit: Build: ++UE4+Release-4.19-CL-4033788
LogInit: Engine Version: 4.19.2-4033788+++UE4+Release-4.19
LogInit: Compatible Engine Version: 4.19.0-3944462+++UE4+Release-4.19
LogInit: Net CL: 3944462
LogDevObjectVersion: Number of dev versions registered: 18
LogDevObjectVersion:   Dev-Blueprints (B0D832E4-1F89-4F0D-ACCF-7EB736FD4AA2): 10
LogDevObjectVersion:   Dev-Build (E1C64328-A22C-4D53-A36C-8E866417BD8C): 0
LogDevObjectVersion:   Dev-Core (375EC13C-06E4-48FB-B500-84F0262A717E): 2
LogDevObjectVersion:   Dev-Editor (E4B068ED-F494-42E9-A231-DA0B2E46BB41): 23
LogDevObjectVersion:   Dev-Framework (CFFC743F-43B0-4480-9391-14DF171D2073): 33
LogDevObjectVersion:   Dev-Mobile (B02B49B5-BB20-44E9-A304-32B752E40360): 2
LogDevObjectVersion:   Dev-Networking (A4E4105C-59A1-49B5-A7C5-40C4547EDFEE): 0
LogDevObjectVersion:   Dev-Online (39C831C9-5AE6-47DC-9A44-9C173E1C8E7C): 0
LogDevObjectVersion:   Dev-Physics (78F01B33-EBEA-4F98-B9B4-84EACCB95AA2): 0
LogDevObjectVersion:   Dev-Platform (6631380F-2D4D-43E0-8009-CF276956A95A): 0
LogDevObjectVersion:   Dev-Rendering (12F88B9F-8875-4AFC-A67C-D90C383ABD29): 25
LogDevObjectVersion:   Dev-Sequencer (7B5AE74C-D270-4C10-A958-57980B212A5A): 6
LogDevObjectVersion:   Dev-VR (D7296918-1DD6-4BDD-9DE2-64A83CC13884): 1
LogDevObjectVersion:   Dev-LoadTimes (C2A15278-BFE7-4AFE-6C17-90FF531DF755): 1
LogDevObjectVersion:   Private-Geometry (6EACA3D4-40EC-4CC1-B786-8BED09428FC5): 2
LogDevObjectVersion:   Dev-AnimPhys (29E575DD-E0A3-4627-9D10-D276232CDCEA): 16
LogDevObjectVersion:   Dev-ReflectionCapture (6B266CEC-1EC7-4B8F-A30B-E4D90942FC07): 1
LogDevObjectVersion:   Dev-Automation (0DF73D61-A23F-47EA-B727-89E90C41499A): 1
LogInit: Compiled (64-bit): Apr 27 2018 02:06:57
LogInit: Compiled with Visual C++: 19.00.24215.01
LogInit: Build Configuration: Development
LogInit: Branch Name: ++UE4+Release-4.19
LogInit: Command Line:  
LogInit: Base Directory: C:/Program Files/Epic Games/UE_4.19/Engine/Binaries/Win64/
LogInit: Installed Engine Build: 1
LogStreaming: Display: Took  0.008s to delete old logs.
LogInit: Presizing for max 8388607 objects, including 0 objects not considered by GC, pre-allocating 0 bytes for permanent pool.
LogInit: Object subsystem initialized
[2018.05.22-14.45.07:936][  0]LogInit: Selected Device Profile: [Windows]
[2018.05.22-14.45.07:936][  0]LogInit: Applying CVar settings loaded from the selected device profile: [Windows]
[2018.05.22-14.45.08:029][  0]LogInit: Computer: DAKON
[2018.05.22-14.45.08:029][  0]LogInit: User: User
[2018.05.22-14.45.08:029][  0]LogInit: CPU Page size=4096, Cores=4
[2018.05.22-14.45.08:029][  0]LogInit: High frequency timer resolution =2.766872 MHz
[2018.05.22-14.45.08:030][  0]LogMemory: Memory total: Physical=4.0GB (4GB approx)
[2018.05.22-14.45.08:030][  0]LogMemory: Platform Memory Stats for Windows
[2018.05.22-14.45.08:030][  0]LogMemory: Process Physical Memory: 273.45 MB used, 273.45 MB peak
[2018.05.22-14.45.08:030][  0]LogMemory: Process Virtual Memory: 262.07 MB used, 262.07 MB peak
[2018.05.22-14.45.08:030][  0]LogMemory: Physical Memory: 2929.99 MB used,  1164.49 MB free, 4094.48 MB total
[2018.05.22-14.45.08:030][  0]LogMemory: Virtual Memory: 684.25 MB used,  1164.49 MB free, 134217728.00 MB total
[2018.05.22-14.45.08:290][  0]LogInit: Using OS detected language (de-DE).
[2018.05.22-14.45.08:290][  0]LogInit: Using OS detected locale (de-DE).
[2018.05.22-14.45.08:383][  0]LogTextLocalizationManager: No localization for 'de-DE' exists, so 'en' will be used for the language.
[2018.05.22-14.45.09:300][  0]LogStreaming: Display: Took  1.010s to EndInitTextLocalization.
[2018.05.22-14.45.09:300][  0]LogInit: Setting process to per monitor DPI aware
[2018.05.22-14.45.09:413][  0]LogSlate: New Slate User Created.  User Index 0, Is Virtual User: 0
[2018.05.22-14.45.09:413][  0]LogSlate: Slate User Registered.  User Index 0, Is Virtual User: 0
[2018.05.22-14.45.13:035][  0]LogD3D11RHI: D3D11 adapters:
[2018.05.22-14.45.13:133][  0]LogD3D11RHI:    0. 'NVIDIA GeForce GTX 650 Ti' (Feature Level 11_0)
[2018.05.22-14.45.13:133][  0]LogD3D11RHI:       2007/0/2047 MB DedicatedVideo/DedicatedSystem/SharedSystem, Outputs:1, VendorId:0x10de
[2018.05.22-14.45.13:137][  0]LogD3D11RHI:    1. 'Microsoft Basic Render Driver' (Feature Level 11_0)
[2018.05.22-14.45.13:137][  0]LogD3D11RHI:       0/0/2047 MB DedicatedVideo/DedicatedSystem/SharedSystem, Outputs:0, VendorId:0x1414
[2018.05.22-14.45.13:137][  0]LogD3D11RHI: Chosen D3D11 Adapter: 0
[2018.05.22-14.45.13:148][  0]LogD3D11RHI: Creating new Direct3DDevice
[2018.05.22-14.45.13:148][  0]LogD3D11RHI:     GPU DeviceId: 0x11c6 (for the marketing name, search the web for "GPU Device Id")
[2018.05.22-14.45.13:148][  0]LogWindows: EnumDisplayDevices:
[2018.05.22-14.45.13:149][  0]LogWindows:    0. 'NVIDIA GeForce GTX 650 Ti' (P:1 D:1)
[2018.05.22-14.45.13:149][  0]LogWindows:    1. 'NVIDIA GeForce GTX 650 Ti' (P:0 D:0)
[2018.05.22-14.45.13:149][  0]LogWindows:    2. 'NVIDIA GeForce GTX 650 Ti' (P:0 D:0)
[2018.05.22-14.45.13:149][  0]LogWindows:    3. 'NVIDIA GeForce GTX 650 Ti' (P:0 D:0)
[2018.05.22-14.45.13:149][  0]LogWindows: DebugString: GetVideoDriverDetailsInvalid PrimaryIsNotTheChoosenAdapter GetVideoDriverDetailsInvalid PrimaryIsNotTheChoosenAdapter GetVideoDriverDetailsInvalid PrimaryIsNotTheChoosenAdapter GetVideoDriverDetailsInvalid PrimaryIsNotTheChoosenAdapter FoundDriverCount:0 
[2018.05.22-14.45.13:149][  0]LogD3D11RHI:     Adapter Name: NVIDIA GeForce GTX 650 Ti
[2018.05.22-14.45.13:149][  0]LogD3D11RHI:   Driver Version: Unknown (internal:Unknown, unified:Unknown)
[2018.05.22-14.45.13:149][  0]LogD3D11RHI:      Driver Date: Unknown
[2018.05.22-14.45.13:149][  0]LogRHI: Texture pool is 1404 MB (70% of 2007 MB)
[2018.05.22-14.45.13:210][  0]LogD3D11RHI: [Aftermath] Aftermath enabled and primed
[2018.05.22-14.45.13:210][  0]LogD3D11RHI: [Aftermath] Aftermath enabled and primed
[2018.05.22-14.45.13:210][  0]LogD3D11RHI: Async texture creation enabled
[2018.05.22-14.45.13:233][  0]LogD3D11RHI: GPU Timing Frequency: 1000.000000 (Debug: 2 2)
[2018.05.22-14.45.13:282][  0]LogShaderCompilers: Guid format shader working directory is 12 characters bigger than the processId version (E:/Repositories/GitHub/EcoChampion/Intermediate/Shaders/WorkingDirectory/220/).
[2018.05.22-14.45.13:282][  0]LogShaderCompilers: Cleaned the shader compiler working directory 'C:/Users/User/AppData/Local/Temp/UnrealShaderWorkingDir/353C974E4161564B0FDF5AA22B13A96A/'.
[2018.05.22-14.45.14:395][  0]LogTemp: Display: Loaded TP AllDesktopTargetPlatform
[2018.05.22-14.45.14:421][  0]LogTemp: Display: Loaded TP MacClientTargetPlatform
[2018.05.22-14.45.14:448][  0]LogTemp: Display: Loaded TP MacNoEditorTargetPlatform
[2018.05.22-14.45.14:475][  0]LogTemp: Display: Loaded TP MacServerTargetPlatform
[2018.05.22-14.45.14:509][  0]LogTemp: Display: Loaded TP MacTargetPlatform
[2018.05.22-14.45.14:536][  0]LogTemp: Display: Loaded TP WindowsClientTargetPlatform
[2018.05.22-14.45.14:563][  0]LogTemp: Display: Loaded TP WindowsNoEditorTargetPlatform
[2018.05.22-14.45.14:589][  0]LogTemp: Display: Loaded TP WindowsServerTargetPlatform
[2018.05.22-14.45.14:602][  0]LogTemp: Display: Loaded TP WindowsTargetPlatform
[2018.05.22-14.45.14:627][  0]LogTemp: Display: Loaded TP Android_ASTCTargetPlatform
[2018.05.22-14.45.14:651][  0]LogTemp: Display: Loaded TP Android_ATCTargetPlatform
[2018.05.22-14.45.14:676][  0]LogTemp: Display: Loaded TP Android_DXTTargetPlatform
[2018.05.22-14.45.14:700][  0]LogTemp: Display: Loaded TP Android_ETC1aTargetPlatform
[2018.05.22-14.45.14:724][  0]LogTemp: Display: Loaded TP Android_ETC1TargetPlatform
[2018.05.22-14.45.14:748][  0]LogTemp: Display: Loaded TP Android_ETC2TargetPlatform
[2018.05.22-14.45.14:796][  0]LogTemp: Display: Loaded TP Android_MultiTargetPlatform
[2018.05.22-14.45.14:796][  0]LogTemp: Display: Loaded TP Android_PVRTCTargetPlatform
[2018.05.22-14.45.14:827][  0]LogTemp: Display: Loaded TP AndroidTargetPlatform
[2018.05.22-14.45.14:830][  0]LogTemp: Display: Loaded TP HTML5TargetPlatform
[2018.05.22-14.45.14:920][  0]LogTemp: Display: Loaded TP IOSTargetPlatform
[2018.05.22-14.45.14:944][  0]LogTemp: Display: Loaded TP TVOSTargetPlatform
[2018.05.22-14.45.14:969][  0]LogTemp: Display: Loaded TP LinuxClientTargetPlatform
[2018.05.22-14.45.14:993][  0]LogTemp: Display: Loaded TP LinuxNoEditorTargetPlatform
[2018.05.22-14.45.15:017][  0]LogTemp: Display: Loaded TP LinuxServerTargetPlatform
[2018.05.22-14.45.15:047][  0]LogTemp: Display: Loaded TP LinuxTargetPlatform
[2018.05.22-14.45.15:047][  0]LogTargetPlatformManager: Display: Building Assets For Windows
[2018.05.22-14.45.15:594][  0]LogXGEController: Cannot use XGE Controller as Incredibuild is not installed on this machine.
[2018.05.22-14.45.15:594][  0]LogShaderCompilers: Cannot use XGE Shader Compiler as Incredibuild is not installed on this machine.
[2018.05.22-14.45.15:594][  0]LogShaderCompilers: Display: Using Local Shader Compiler.
[2018.05.22-14.45.18:910][  0]LogDerivedDataCache: Display: Max Cache Size: 512 MB
[2018.05.22-14.45.19:593][  0]LogDerivedDataCache: Loaded boot cache 0.68s 74MB C:/Users/User/AppData/Local/UnrealEngine/4.19/DerivedDataCache/Boot.ddc.
[2018.05.22-14.45.19:593][  0]LogDerivedDataCache: Display: Loaded Boot cache: C:/Users/User/AppData/Local/UnrealEngine/4.19/DerivedDataCache/Boot.ddc
[2018.05.22-14.45.19:593][  0]LogDerivedDataCache: FDerivedDataBackendGraph:  Pak pak cache file E:/Repositories/GitHub/EcoChampion/DerivedDataCache/DDC.ddp not found, will not use a pak cache.
[2018.05.22-14.45.19:593][  0]LogDerivedDataCache: Unable to find inner node Pak for hierarchical cache Hierarchy.
[2018.05.22-14.45.19:593][  0]LogDerivedDataCache: FDerivedDataBackendGraph:  CompressedPak pak cache file E:/Repositories/GitHub/EcoChampion/DerivedDataCache/Compressed.ddp not found, will not use a pak cache.
[2018.05.22-14.45.19:593][  0]LogDerivedDataCache: Unable to find inner node CompressedPak for hierarchical cache Hierarchy.
[2018.05.22-14.45.19:637][  0]LogDerivedDataCache: Display: Pak cache opened for reading ../../../Engine/DerivedDataCache/Compressed.ddp.
[2018.05.22-14.45.19:650][  0]LogDerivedDataCache: Using Local data cache path C:/Users/User/AppData/Local/UnrealEngine/Common/DerivedDataCache: Writable
[2018.05.22-14.45.19:650][  0]LogDerivedDataCache: Shared data cache path not found in *engine.ini, will not use an Shared cache.
[2018.05.22-14.45.19:650][  0]LogDerivedDataCache: Unable to find inner node Shared for hierarchical cache Hierarchy.
[2018.05.22-14.45.19:673][  0]LogMaterial: Verifying Global Shaders for PCD3D_SM5
[2018.05.22-14.45.19:674][  0]LogSlate: Using Freetype 2.6.0
[2018.05.22-14.45.19:694][  0]LogSlate: SlateFontCache - WITH_FREETYPE: 1, WITH_HARFBUZZ: 1
[2018.05.22-14.45.19:694][  0]LogSlate: SlateFontCache - WITH_FREETYPE: 1, WITH_HARFBUZZ: 1
[2018.05.22-14.45.23:354][  0]LogAssetRegistry: FAssetRegistry took 0.0313 seconds to start up
[2018.05.22-14.45.24:060][  0]LogInit: Selected Device Profile: [Windows]
[2018.05.22-14.45.24:441][  0]LogSimplygon: Simplygon DLL not present - disabling.
[2018.05.22-14.45.24:446][  0]LogMeshReduction: Using SimplygonSwarm for distributed automatic mesh merging
[2018.05.22-14.45.24:446][  0]LogMeshReduction: Using QuadricMeshReduction for automatic static mesh reduction
[2018.05.22-14.45.24:446][  0]LogMeshReduction: No automatic skeletal mesh reduction module available
[2018.05.22-14.45.24:446][  0]LogMeshReduction: No automatic mesh merging module available
[2018.05.22-14.45.24:446][  0]LogMeshMerging: No automatic mesh merging module available
[2018.05.22-14.45.24:498][  0]LogNetVersion: EcoChampion , NetCL: 3944462, EngineNetVer: 2, GameNetVer: 0 (Checksum: 466303179)
[2018.05.22-14.45.25:374][  0]LogPackageLocalizationCache: Processed 9 localized package path(s) for 1 prioritized culture(s) in 0.127982 seconds
[2018.05.22-14.45.25:387][  0]LogUObjectArray: 36728 objects as part of root set at end of initial load.
[2018.05.22-14.45.25:387][  0]LogUObjectAllocator: 7314312 out of 0 bytes used by permanent object pool.
[2018.05.22-14.45.25:387][  0]LogUObjectArray: CloseDisregardForGC: 0/0 objects in disregard for GC pool
[2018.05.22-14.45.33:425][  0]LogTcpMessaging: Initializing TcpMessaging bridge
[2018.05.22-14.45.33:469][  0]LogUdpMessaging: Initializing bridge on interface 0.0.0.0:0 to multicast group 230.0.0.1:6666.
[2018.05.22-14.45.34:129][  0]SourceControl: Source control is disabled
[2018.05.22-14.45.34:129][  0]SourceControl: Source control is disabled
[2018.05.22-14.45.34:161][  0]SourceControl: Source control is disabled
[2018.05.22-14.45.34:192][  0]SourceControl: Source control is disabled
[2018.05.22-14.45.35:040][  0]LogAndroidPermission: UAndroidPermissionCallbackProxy::GetInstance
[2018.05.22-14.45.35:316][  0]LogOcInput: OculusInput pre-init called
[2018.05.22-14.45.35:542][  0]LogEngine: Initializing Engine...
[2018.05.22-14.45.35:545][  0]LogHMD: Failed to initialize OpenVR with code 110
[2018.05.22-14.45.35:548][  0]LogStats: UGameplayTagsManager::ConstructGameplayTagTree: Construct from data asset -  0.000 s
[2018.05.22-14.45.35:549][  0]LogStats: UGameplayTagsManager::ConstructGameplayTagTree: GameplayTagTreeChangedEvent.Broadcast -  0.000 s
[2018.05.22-14.45.36:086][  0]LogAIModule: Creating AISystem for world Untitled
[2018.05.22-14.45.36:183][  0]LogInit: XAudio2 using 'SAMSUNG (NVIDIA High Definition Audio)' : 2 channels at 48 kHz using 16 bits per sample (channel mask 0x3)
[2018.05.22-14.45.36:203][  0]LogInit: FAudioDevice initialized.
[2018.05.22-14.45.36:511][  0]LogDerivedDataCache: Saved boot cache 0.31s 74MB C:/Users/User/AppData/Local/UnrealEngine/4.19/DerivedDataCache/Boot.ddc.
[2018.05.22-14.45.36:568][  0]LogInit: Texture streaming: Enabled
[2018.05.22-14.45.36:660][  0]LogEngineSessionManager: EngineSessionManager initialized
[2018.05.22-14.45.36:718][  0]LogInit: Transaction tracking system initialized
[2018.05.22-14.45.36:805][  0]BlueprintLog: New page: Editor Load
[2018.05.22-14.45.37:344][  0]LocalizationService: Localization service is disabled
[2018.05.22-14.45.37:567][  0]LogConsoleResponse: Display: 
[2018.05.22-14.45.37:878][  0]LogCook: Display: Max memory allowance for cook 16384mb min free memory 0mb
[2018.05.22-14.45.37:879][  0]LogCook: Display: Mobile HDR setting 1
[2018.05.22-14.45.37:879][  0]LogGameplayTags: Display: UGameplayTagsManager::DoneAddingNativeTags. DelegateIsBound: 0
[2018.05.22-14.45.37:879][  0]LogStats: UGameplayTagsManager::ConstructGameplayTagTree: Construct from data asset -  0.000 s
[2018.05.22-14.45.37:879][  0]LogStats: UGameplayTagsManager::ConstructGameplayTagTree: GameplayTagTreeChangedEvent.Broadcast -  0.000 s
[2018.05.22-14.45.38:741][  0]LogFileCache: Scanning file cache for directory 'E:/Repositories/GitHub/EcoChampion/Content/' took 0.04s
[2018.05.22-14.45.38:741][  0]SourceControl: Source control is disabled
[2018.05.22-14.45.38:741][  0]Cmd: MAP LOAD FILE="E:/Repositories/GitHub/EcoChampion/Content/MainLevel.umap" TEMPLATE=0 SHOWPROGRESS=1 FEATURELEVEL=3
[2018.05.22-14.45.38:741][  0]LightingResults: New page: Lighting Build
[2018.05.22-14.45.38:747][  0]MapCheck: New page: Map Check
[2018.05.22-14.45.38:747][  0]LightingResults: New page: Lighting Build
[2018.05.22-14.45.39:325][  0]LogUObjectGlobals: Created PersistentFrame Addr=0x000001e913e83e80, Size=24, Default__Widget_MainMenu_C Function /Game/Menu/Widget_MainMenu.Widget_MainMenu_C:ExecuteUbergraph_Widget_MainMenu
[2018.05.22-14.45.39:326][  0]LogUObjectGlobals: Created PersistentFrame Addr=0x000001e91507ebc0, Size=32, Default__Widget_LevelMenu_C Function /Game/Menu/Widget_LevelMenu.Widget_LevelMenu_C:ExecuteUbergraph_Widget_LevelMenu
[2018.05.22-14.45.39:336][  0]LogUObjectGlobals: Created PersistentFrame Addr=0x000001e914fc6bb0, Size=16, Default__Widget_SettingMenu_C Function /Game/Menu/Widget_SettingMenu.Widget_SettingMenu_C:ExecuteUbergraph_Widget_SettingMenu
[2018.05.22-14.45.39:348][  0]LogUObjectGlobals: Destroyed PersistentFrame Addr=0x000001e91507ebc0, Size=32
[2018.05.22-14.45.39:349][  0]LogUObjectGlobals: Created PersistentFrame Addr=0x000001e91507ebc0, Size=32, Default__Widget_LevelMenu_C Function /Engine/Transient.REINST_Widget_LevelMenu_C_1:ExecuteUbergraph_Widget_LevelMenu
[2018.05.22-14.45.39:349][  0]LogUObjectGlobals: Destroyed PersistentFrame Addr=0x000001e913e83e80, Size=24
[2018.05.22-14.45.39:349][  0]LogUObjectGlobals: Created PersistentFrame Addr=0x000001e913e83e80, Size=24, Default__Widget_MainMenu_C Function /Engine/Transient.REINST_Widget_MainMenu_C_2:ExecuteUbergraph_Widget_MainMenu
[2018.05.22-14.45.39:349][  0]LogUObjectGlobals: Destroyed PersistentFrame Addr=0x000001e914fc6bb0, Size=16
[2018.05.22-14.45.39:349][  0]LogUObjectGlobals: Created PersistentFrame Addr=0x000001e914fc6bb0, Size=16, Default__Widget_SettingMenu_C Function /Engine/Transient.REINST_Widget_SettingMenu_C_3:ExecuteUbergraph_Widget_SettingMenu
[2018.05.22-14.45.39:357][  0]LogUObjectGlobals: Created PersistentFrame Addr=0x000001e914c62e20, Size=32, Default__Widget_LevelMenu_C Function /Game/Menu/Widget_LevelMenu.Widget_LevelMenu_C:ExecuteUbergraph_Widget_LevelMenu
[2018.05.22-14.45.39:358][  0]LogUObjectGlobals: Created PersistentFrame Addr=0x000001e913e82fc8, Size=24, Default__Widget_MainMenu_C Function /Game/Menu/Widget_MainMenu.Widget_MainMenu_C:ExecuteUbergraph_Widget_MainMenu
[2018.05.22-14.45.39:359][  0]LogUObjectGlobals: Created PersistentFrame Addr=0x000001e914fc6ba0, Size=16, Default__Widget_SettingMenu_C Function /Game/Menu/Widget_SettingMenu.Widget_SettingMenu_C:ExecuteUbergraph_Widget_SettingMenu
[2018.05.22-14.45.39:365][  0]LogUObjectGlobals: Created PersistentFrame Addr=0x000001e913e83f58, Size=24, Default__MainLevel_C Function /Game/MainLevel.MainLevel_C:ExecuteUbergraph_MainLevel
[2018.05.22-14.45.39:367][  0]LogUObjectGlobals: Destroyed PersistentFrame Addr=0x000001e913e83f58, Size=24
[2018.05.22-14.45.39:367][  0]LogUObjectGlobals: Created PersistentFrame Addr=0x000001e913e83f58, Size=24, Default__MainLevel_C Function /Engine/Transient.REINST_MainLevel_C_5:ExecuteUbergraph_MainLevel
[2018.05.22-14.45.39:369][  0]LogUObjectGlobals: Created PersistentFrame Addr=0x000001e913e82dd0, Size=24, Default__MainLevel_C Function /Game/MainLevel.MainLevel_C:ExecuteUbergraph_MainLevel
[2018.05.22-14.45.39:408][  0]LogAIModule: Creating AISystem for world MainLevel
[2018.05.22-14.45.39:426][  0]LogEditorServer: Finished looking for orphan Actors (0.000 secs)
[2018.05.22-14.45.39:452][  0]LogUObjectGlobals: Destroyed PersistentFrame Addr=0x000001e913e83e80, Size=24
[2018.05.22-14.45.39:452][  0]LogUObjectGlobals: Destroyed PersistentFrame Addr=0x000001e91507ebc0, Size=32
[2018.05.22-14.45.39:452][  0]LogUObjectGlobals: Destroyed PersistentFrame Addr=0x000001e914fc6bb0, Size=16
[2018.05.22-14.45.39:452][  0]LogUObjectGlobals: Destroyed PersistentFrame Addr=0x000001e913e83f58, Size=24
[2018.05.22-14.45.39:453][  0]Cmd: MAP CHECKDEP NOCLEARLOG
[2018.05.22-14.45.39:559][  0]MapCheck: Map check complete: 0 Error(s), 0 Warning(s), took 105,941ms to complete.
[2018.05.22-14.45.39:559][  0]LogFileHelpers: Loading map 'MainLevel' took 0.819
[2018.05.22-14.45.39:812][  0]LogCollectionManager: Loaded 0 collections in 0.003097 seconds
[2018.05.22-14.45.39:859][  0]LogFileCache: Scanning file cache for directory 'E:/Repositories/GitHub/EcoChampion/Saved/Collections/' took 0.01s
[2018.05.22-14.45.39:860][  0]LogFileCache: Scanning file cache for directory 'E:/Repositories/GitHub/EcoChampion/Content/Developers/User/Collections/' took 0.01s
[2018.05.22-14.45.39:860][  0]LogFileCache: Scanning file cache for directory 'E:/Repositories/GitHub/EcoChampion/Content/Collections/' took 0.01s
[2018.05.22-14.45.39:860][  0]LogCollectionManager: Rebuilt the GUID cache for 0 collections in 0.000001 seconds
[2018.05.22-14.45.39:879][  0]LogContentBrowser: Native class hierarchy populated in 0.0193 seconds. Added 2452 classes and 558 folders.
[2018.05.22-14.45.39:892][  0]LogContentBrowser: Native class hierarchy updated for 'WidgetCarousel' in 0.0003 seconds. Added 0 classes and 0 folders.
[2018.05.22-14.45.40:568][  0]LogContentBrowser: Native class hierarchy updated for 'AddContentDialog' in 0.0004 seconds. Added 0 classes and 0 folders.
[2018.05.22-14.45.40:581][  0]LogContentBrowser: Native class hierarchy updated for 'SceneOutliner' in 0.0004 seconds. Added 1 classes and 2 folders.
[2018.05.22-14.45.40:752][  0]LogSlate: Took 0.034051 seconds to synchronously load lazily loaded font '../../../Engine/Content/Slate/Fonts/Roboto-Regular.ttf' (155K)
[2018.05.22-14.45.40:765][  0]LogSlate: Took 0.009752 seconds to synchronously load lazily loaded font '../../../Engine/Content/Slate/Fonts/Roboto-Bold.ttf' (160K)
[2018.05.22-14.45.40:797][  0]LogSlate: Took 0.008123 seconds to synchronously load lazily loaded font '../../../Engine/Content/Editor/Slate/Fonts/FontAwesome.ttf' (139K)
[2018.05.22-14.45.41:043][  0]LogRenderer: Reallocating scene render targets to support 1208x600 Format 10 NumSamples 1 (Frame:1).
[2018.05.22-14.45.41:129][  0]LogSlate: Took 0.015163 seconds to synchronously load lazily loaded font '../../../Engine/Content/Slate/Fonts/Roboto-Light.ttf' (167K)
[2018.05.22-14.45.41:389][  0]LogContentBrowser: Native class hierarchy updated for 'HierarchicalLODOutliner' in 0.0004 seconds. Added 0 classes and 0 folders.
[2018.05.22-14.45.41:390][  0]LogLoad: (Engine Initialization) Total time: 42.14 seconds
[2018.05.22-14.45.41:390][  0]LogLoad: (Engine Initialization) Total Blueprint compile time: 0.00 seconds
[2018.05.22-14.45.41:406][  0]LogEditorViewport: Clicking Background
[2018.05.22-14.45.41:525][  0]LogContentStreaming: Texture pool size now 1000 MB
[2018.05.22-14.45.41:689][  2]LogAssetRegistry: Asset discovery search completed in 18.3572 seconds
[2018.05.22-14.45.41:692][  2]LogCollectionManager: Rebuilt the object cache for 0 collections in 0.000001 seconds (found 0 objects)
[2018.05.22-14.45.41:693][  2]LogCollectionManager: Fixed up redirectors for 0 collections in 0.000129 seconds (updated 0 objects)
[2018.05.22-14.45.42:436][ 65]LogSlate: Took 0.000393 seconds to synchronously load lazily loaded font '../../../Engine/Content/Slate/Fonts/Roboto-Light.ttf' (167K)
[2018.05.22-14.45.49:997][748]LogSlate: FSceneViewport::OnFocusLost() reason 2
[2018.05.22-14.45.50:929][824]LogBlueprintUserMessages: Early PlayInEditor Detection: Level '/Game/MainLevel.MainLevel:PersistentLevel' has LevelScriptBlueprint '/Game/MainLevel.MainLevel:PersistentLevel.MainLevel' with GeneratedClass '/Game/MainLevel.MainLevel_C' with ClassGeneratedBy '/Game/MainLevel.MainLevel:PersistentLevel.MainLevel'
[2018.05.22-14.45.50:931][824]LogPlayLevel: PlayLevel: No blueprints needed recompiling
[2018.05.22-14.45.50:935][824]PIE: New page: PIE session: MainLevel (22.05.2018 18:45:50)
[2018.05.22-14.45.50:936][824]LogPlayLevel: Creating play world package: /Game/UEDPIE_0_MainLevel
[2018.05.22-14.45.50:940][824]LogPlayLevel: PIE: StaticDuplicateObject took: (0.004057s)
[2018.05.22-14.45.50:941][824]LogAIModule: Creating AISystem for world MainLevel
[2018.05.22-14.45.50:941][824]LogPlayLevel: PIE: World Init took: (0.001535s)
[2018.05.22-14.45.50:941][824]LogPlayLevel: PIE: Created PIE world by copying editor world from /Game/MainLevel.MainLevel to /Game/UEDPIE_0_MainLevel.MainLevel (0.005812s)
[2018.05.22-14.45.50:971][824]LogInit: XAudio2 using 'SAMSUNG (NVIDIA High Definition Audio)' : 2 channels at 48 kHz using 16 bits per sample (channel mask 0x3)
[2018.05.22-14.45.50:984][824]LogInit: FAudioDevice initialized.
[2018.05.22-14.45.50:985][824]LogSlate: FSceneViewport::OnFocusLost() reason 2
[2018.05.22-14.45.51:037][824]LogLoad: Game class is 'GameModeBase'
[2018.05.22-14.45.51:047][824]LogWorld: Bringing World /Game/UEDPIE_0_MainLevel.MainLevel up for play (max tick rate 0) at 2018.05.22-16.45.51
[2018.05.22-14.45.51:050][824]LogWorld: Bringing up level for play took: 0.003499
[2018.05.22-14.45.51:070][824]LogContentBrowser: Native class hierarchy updated for 'MovieSceneCapture' in 0.0005 seconds. Added 11 classes and 0 folders.
[2018.05.22-14.45.51:089][824]PIE: Play in editor start time for /Game/UEDPIE_0_MainLevel -0,594
[2018.05.22-14.45.51:089][824]LogBlueprintUserMessages: Late PlayInEditor Detection: Level '/Game/MainLevel.MainLevel:PersistentLevel' has LevelScriptBlueprint '/Game/MainLevel.MainLevel:PersistentLevel.MainLevel' with GeneratedClass '/Game/MainLevel.MainLevel_C' with ClassGeneratedBy '/Game/MainLevel.MainLevel:PersistentLevel.MainLevel'
[2018.05.22-14.46.01:182][668]LogNet: Browse: /Game/MiniGame01/MiniGame01
[2018.05.22-14.46.01:184][668]LogLoad: LoadMap: /Game/MiniGame01/MiniGame01
[2018.05.22-14.46.01:307][668]LogUObjectGlobals: Created PersistentFrame Addr=0x000001e930209f48, Size=8, Default__BP_PickUpCollect_C Function /Game/MiniGame01/Blueprints/BP_PickUpCollect.BP_PickUpCollect_C:ExecuteUbergraph_BP_PickUpCollect
[2018.05.22-14.46.01:310][668]LogUObjectGlobals: Destroyed PersistentFrame Addr=0x000001e930209f48, Size=8
[2018.05.22-14.46.01:310][668]LogUObjectGlobals: Created PersistentFrame Addr=0x000001e930209f48, Size=8, Default__BP_PickUpCollect_C Function /Engine/Transient.REINST_BP_PickUpCollect_C_9:ExecuteUbergraph_BP_PickUpCollect
[2018.05.22-14.46.01:312][668]LogUObjectGlobals: Created PersistentFrame Addr=0x000001e93020a288, Size=8, Default__BP_PickUpCollect_C Function /Game/MiniGame01/Blueprints/BP_PickUpCollect.BP_PickUpCollect_C:ExecuteUbergraph_BP_PickUpCollect
[2018.05.22-14.46.01:324][668]LogUObjectGlobals: Created PersistentFrame Addr=0x000001e9302094b8, Size=8, Default__BP_PickUpCollect_Metal_C Function /Game/MiniGame01/Blueprints/BP_PickUpCollect.BP_PickUpCollect_C:ExecuteUbergraph_BP_PickUpCollect
[2018.05.22-14.46.01:327][668]LogUObjectGlobals: Destroyed PersistentFrame Addr=0x000001e9302094b8, Size=8
[2018.05.22-14.46.01:327][668]LogUObjectGlobals: Created PersistentFrame Addr=0x000001e9302094b8, Size=8, Default__BP_PickUpCollect_Metal_C Function /Game/MiniGame01/Blueprints/BP_PickUpCollect.BP_PickUpCollect_C:ExecuteUbergraph_BP_PickUpCollect
[2018.05.22-14.46.01:329][668]LogUObjectGlobals: Created PersistentFrame Addr=0x000001e93020a498, Size=8, Default__BP_PickUpCollect_Metal_C Function /Game/MiniGame01/Blueprints/BP_PickUpCollect.BP_PickUpCollect_C:ExecuteUbergraph_BP_PickUpCollect
[2018.05.22-14.46.01:338][668]LogUObjectGlobals: Created PersistentFrame Addr=0x000001e93020a400, Size=8, Default__BP_PickUpCollect_Paper_C Function /Game/MiniGame01/Blueprints/BP_PickUpCollect.BP_PickUpCollect_C:ExecuteUbergraph_BP_PickUpCollect
[2018.05.22-14.46.01:341][668]LogUObjectGlobals: Destroyed PersistentFrame Addr=0x000001e93020a400, Size=8
[2018.05.22-14.46.01:341][668]LogUObjectGlobals: Created PersistentFrame Addr=0x000001e93020a400, Size=8, Default__BP_PickUpCollect_Paper_C Function /Game/MiniGame01/Blueprints/BP_PickUpCollect.BP_PickUpCollect_C:ExecuteUbergraph_BP_PickUpCollect
[2018.05.22-14.46.01:342][668]LogUObjectGlobals: Created PersistentFrame Addr=0x000001e93020a530, Size=8, Default__BP_PickUpCollect_Paper_C Function /Game/MiniGame01/Blueprints/BP_PickUpCollect.BP_PickUpCollect_C:ExecuteUbergraph_BP_PickUpCollect
[2018.05.22-14.46.01:351][668]LogUObjectGlobals: Created PersistentFrame Addr=0x000001e93020a810, Size=8, Default__BP_PickUpCollect_Plastic_C Function /Game/MiniGame01/Blueprints/BP_PickUpCollect.BP_PickUpCollect_C:ExecuteUbergraph_BP_PickUpCollect
[2018.05.22-14.46.01:354][668]LogUObjectGlobals: Destroyed PersistentFrame Addr=0x000001e93020a810, Size=8
[2018.05.22-14.46.01:354][668]LogUObjectGlobals: Created PersistentFrame Addr=0x000001e93020a810, Size=8, Default__BP_PickUpCollect_Plastic_C Function /Game/MiniGame01/Blueprints/BP_PickUpCollect.BP_PickUpCollect_C:ExecuteUbergraph_BP_PickUpCollect
[2018.05.22-14.46.01:355][668]LogUObjectGlobals: Created PersistentFrame Addr=0x000001e93020a5c0, Size=8, Default__BP_PickUpCollect_Plastic_C Function /Game/MiniGame01/Blueprints/BP_PickUpCollect.BP_PickUpCollect_C:ExecuteUbergraph_BP_PickUpCollect
[2018.05.22-14.46.01:381][668]LogUObjectGlobals: Created PersistentFrame Addr=0x000001e930206400, Size=1104, Default__C_MiniGame01_C Function /Game/MiniGame01/Blueprints/C_MiniGame01.C_MiniGame01_C:ExecuteUbergraph_C_MiniGame01
[2018.05.22-14.46.01:501][668]LogUObjectGlobals: Destroyed PersistentFrame Addr=0x000001e930206400, Size=1104
[2018.05.22-14.46.01:501][668]LogUObjectGlobals: Created PersistentFrame Addr=0x000001e930df4f00, Size=1104, Default__C_MiniGame01_C Function /Engine/Transient.REINST_C_MiniGame01_C_17:ExecuteUbergraph_C_MiniGame01
[2018.05.22-14.46.01:596][668]LogUObjectGlobals: Created PersistentFrame Addr=0x000001e930b4dd00, Size=1104, Default__C_MiniGame01_C Function /Game/MiniGame01/Blueprints/C_MiniGame01.C_MiniGame01_C:ExecuteUbergraph_C_MiniGame01
[2018.05.22-14.46.01:612][668]LogUObjectGlobals: Created PersistentFrame Addr=0x000001e930c5dc90, Size=16, Default__BP_Obstacle_C Function /Game/MiniGame01/Blueprints/BP_Obstacle.BP_Obstacle_C:ExecuteUbergraph_BP_Obstacle
[2018.05.22-14.46.01:615][668]LogUObjectGlobals: Destroyed PersistentFrame Addr=0x000001e930c5dc90, Size=16
[2018.05.22-14.46.01:615][668]LogUObjectGlobals: Created PersistentFrame Addr=0x000001e930c5dc90, Size=16, Default__BP_Obstacle_C Function /Engine/Transient.REINST_BP_Obstacle_C_19:ExecuteUbergraph_BP_Obstacle
[2018.05.22-14.46.01:617][668]LogUObjectGlobals: Created PersistentFrame Addr=0x000001e930c5dc80, Size=16, Default__BP_Obstacle_C Function /Game/MiniGame01/Blueprints/BP_Obstacle.BP_Obstacle_C:ExecuteUbergraph_BP_Obstacle
[2018.05.22-14.46.01:636][668]LogUObjectGlobals: Created PersistentFrame Addr=0x000001e930c1ebe0, Size=216, Default__BP_Obstacle_Tree_C Function /Game/MiniGame01/Blueprints/BP_Obstacle_Tree.BP_Obstacle_Tree_C:ExecuteUbergraph_BP_Obstacle_Tree
[2018.05.22-14.46.01:636][668]LogUObjectGlobals: Created PersistentFrame Addr=0x000001e930c5e1e0, Size=16, Default__BP_Obstacle_Tree_C Function /Game/MiniGame01/Blueprints/BP_Obstacle.BP_Obstacle_C:ExecuteUbergraph_BP_Obstacle
[2018.05.22-14.46.01:664][668]LogUObjectGlobals: Destroyed PersistentFrame Addr=0x000001e930c1ebe0, Size=216
[2018.05.22-14.46.01:664][668]LogUObjectGlobals: Destroyed PersistentFrame Addr=0x000001e930c5e1e0, Size=16
[2018.05.22-14.46.01:665][668]LogUObjectGlobals: Created PersistentFrame Addr=0x000001e930b36f60, Size=216, Default__BP_Obstacle_Tree_C Function /Engine/Transient.REINST_BP_Obstacle_Tree_C_21:ExecuteUbergraph_BP_Obstacle_Tree
[2018.05.22-14.46.01:665][668]LogUObjectGlobals: Created PersistentFrame Addr=0x000001e930c5e1e0, Size=16, Default__BP_Obstacle_Tree_C Function /Game/MiniGame01/Blueprints/BP_Obstacle.BP_Obstacle_C:ExecuteUbergraph_BP_Obstacle
[2018.05.22-14.46.01:684][668]LogUObjectGlobals: Created PersistentFrame Addr=0x000001e930b86e80, Size=216, Default__BP_Obstacle_Tree_C Function /Game/MiniGame01/Blueprints/BP_Obstacle_Tree.BP_Obstacle_Tree_C:ExecuteUbergraph_BP_Obstacle_Tree
[2018.05.22-14.46.01:684][668]LogUObjectGlobals: Created PersistentFrame Addr=0x000001e930c5ed40, Size=16, Default__BP_Obstacle_Tree_C Function /Game/MiniGame01/Blueprints/BP_Obstacle.BP_Obstacle_C:ExecuteUbergraph_BP_Obstacle
[2018.05.22-14.46.01:703][668]LogUObjectGlobals: Created PersistentFrame Addr=0x000001e90a9e8800, Size=1264, Default__BP_PickUp_C Function /Game/MiniGame01/Blueprints/BP_PickUp.BP_PickUp_C:ExecuteUbergraph_BP_PickUp
[2018.05.22-14.46.01:721][668]LogUObjectGlobals: Destroyed PersistentFrame Addr=0x000001e90a9e8800, Size=1264
[2018.05.22-14.46.01:721][668]LogUObjectGlobals: Created PersistentFrame Addr=0x000001e90aa0eb00, Size=1264, Default__BP_PickUp_C Function /Engine/Transient.REINST_BP_PickUp_C_23:ExecuteUbergraph_BP_PickUp
[2018.05.22-14.46.01:734][668]LogUObjectGlobals: Created PersistentFrame Addr=0x000001e90aa41600, Size=1264, Default__BP_PickUp_C Function /Game/MiniGame01/Blueprints/BP_PickUp.BP_PickUp_C:ExecuteUbergraph_BP_PickUp
[2018.05.22-14.46.01:745][668]LogUObjectGlobals: Created PersistentFrame Addr=0x000001e90aa51fa0, Size=208, Default__BP_PickUp_Metal_C Function /Game/MiniGame01/Blueprints/BP_PickUp_Metal.BP_PickUp_Metal_C:ExecuteUbergraph_BP_PickUp_Metal
[2018.05.22-14.46.01:745][668]LogUObjectGlobals: Created PersistentFrame Addr=0x000001e930ad9d00, Size=1264, Default__BP_PickUp_Metal_C Function /Game/MiniGame01/Blueprints/BP_PickUp.BP_PickUp_C:ExecuteUbergraph_BP_PickUp
[2018.05.22-14.46.01:755][668]LogUObjectGlobals: Destroyed PersistentFrame Addr=0x000001e90aa51fa0, Size=208
[2018.05.22-14.46.01:755][668]LogUObjectGlobals: Destroyed PersistentFrame Addr=0x000001e930ad9d00, Size=1264
[2018.05.22-14.46.01:755][668]LogUObjectGlobals: Created PersistentFrame Addr=0x000001e90aa51fa0, Size=208, Default__BP_PickUp_Metal_C Function /Engine/Transient.REINST_BP_PickUp_Metal_C_25:ExecuteUbergraph_BP_PickUp_Metal
[2018.05.22-14.46.01:755][668]LogUObjectGlobals: Created PersistentFrame Addr=0x000001e90aa42b00, Size=1264, Default__BP_PickUp_Metal_C Function /Game/MiniGame01/Blueprints/BP_PickUp.BP_PickUp_C:ExecuteUbergraph_BP_PickUp
[2018.05.22-14.46.01:763][668]LogUObjectGlobals: Created PersistentFrame Addr=0x000001e930abb820, Size=208, Default__BP_PickUp_Metal_C Function /Game/MiniGame01/Blueprints/BP_PickUp_Metal.BP_PickUp_Metal_C:ExecuteUbergraph_BP_PickUp_Metal
[2018.05.22-14.46.01:763][668]LogUObjectGlobals: Created PersistentFrame Addr=0x000001e930ad1600, Size=1264, Default__BP_PickUp_Metal_C Function /Game/MiniGame01/Blueprints/BP_PickUp.BP_PickUp_C:ExecuteUbergraph_BP_PickUp
[2018.05.22-14.46.01:774][668]LogUObjectGlobals: Created PersistentFrame Addr=0x000001e930abb040, Size=208, Default__BP_PickUp_Paper_C Function /Game/MiniGame01/Blueprints/BP_PickUp_Paper.BP_PickUp_Paper_C:ExecuteUbergraph_BP_PickUp_Paper
[2018.05.22-14.46.01:774][668]LogUObjectGlobals: Created PersistentFrame Addr=0x000001e930ad0800, Size=1264, Default__BP_PickUp_Paper_C Function /Game/MiniGame01/Blueprints/BP_PickUp.BP_PickUp_C:ExecuteUbergraph_BP_PickUp
[2018.05.22-14.46.01:783][668]LogUObjectGlobals: Destroyed PersistentFrame Addr=0x000001e930abb040, Size=208
[2018.05.22-14.46.01:783][668]LogUObjectGlobals: Destroyed PersistentFrame Addr=0x000001e930ad0800, Size=1264
[2018.05.22-14.46.01:783][668]LogUObjectGlobals: Created PersistentFrame Addr=0x000001e930abb040, Size=208, Default__BP_PickUp_Paper_C Function /Engine/Transient.REINST_BP_PickUp_Paper_C_27:ExecuteUbergraph_BP_PickUp_Paper
[2018.05.22-14.46.01:783][668]LogUObjectGlobals: Created PersistentFrame Addr=0x000001e930aa1600, Size=1264, Default__BP_PickUp_Paper_C Function /Game/MiniGame01/Blueprints/BP_PickUp.BP_PickUp_C:ExecuteUbergraph_BP_PickUp
[2018.05.22-14.46.01:790][668]LogUObjectGlobals: Created PersistentFrame Addr=0x000001e930ab9280, Size=208, Default__BP_PickUp_Paper_C Function /Game/MiniGame01/Blueprints/BP_PickUp_Paper.BP_PickUp_Paper_C:ExecuteUbergraph_BP_PickUp_Paper
[2018.05.22-14.46.01:790][668]LogUObjectGlobals: Created PersistentFrame Addr=0x000001e930a71d00, Size=1264, Default__BP_PickUp_Paper_C Function /Game/MiniGame01/Blueprints/BP_PickUp.BP_PickUp_C:ExecuteUbergraph_BP_PickUp
[2018.05.22-14.46.01:801][668]LogUObjectGlobals: Created PersistentFrame Addr=0x000001e930ab8e20, Size=208, Default__BP_PickUp_Plastic_C Function /Game/MiniGame01/Blueprints/BP_PickUp_Plastic.BP_PickUp_Plastic_C:ExecuteUbergraph_BP_PickUp_Plastic
[2018.05.22-14.46.01:801][668]LogUObjectGlobals: Created PersistentFrame Addr=0x000001e930a70800, Size=1264, Default__BP_PickUp_Plastic_C Function /Game/MiniGame01/Blueprints/BP_PickUp.BP_PickUp_C:ExecuteUbergraph_BP_PickUp
[2018.05.22-14.46.01:811][668]LogUObjectGlobals: Destroyed PersistentFrame Addr=0x000001e930ab8e20, Size=208
[2018.05.22-14.46.01:811][668]LogUObjectGlobals: Destroyed PersistentFrame Addr=0x000001e930a70800, Size=1264
[2018.05.22-14.46.01:811][668]LogUObjectGlobals: Created PersistentFrame Addr=0x000001e930a3bc80, Size=208, Default__BP_PickUp_Plastic_C Function /Engine/Transient.REINST_BP_PickUp_Plastic_C_29:ExecuteUbergraph_BP_PickUp_Plastic
[2018.05.22-14.46.01:811][668]LogUObjectGlobals: Created PersistentFrame Addr=0x000001e930a4b200, Size=1264, Default__BP_PickUp_Plastic_C Function /Game/MiniGame01/Blueprints/BP_PickUp.BP_PickUp_C:ExecuteUbergraph_BP_PickUp
[2018.05.22-14.46.01:818][668]LogUObjectGlobals: Created PersistentFrame Addr=0x000001e930a3ae80, Size=208, Default__BP_PickUp_Plastic_C Function /Game/MiniGame01/Blueprints/BP_PickUp_Plastic.BP_PickUp_Plastic_C:ExecuteUbergraph_BP_PickUp_Plastic
[2018.05.22-14.46.01:818][668]LogUObjectGlobals: Created PersistentFrame Addr=0x000001e930a48f00, Size=1264, Default__BP_PickUp_Plastic_C Function /Game/MiniGame01/Blueprints/BP_PickUp.BP_PickUp_C:ExecuteUbergraph_BP_PickUp
[2018.05.22-14.46.01:857][668]LogUObjectGlobals: Created PersistentFrame Addr=0x000001e90aa34fa0, Size=24, Default__GM_MiniGame01_C Function /Game/MiniGame01/Blueprints/GM_MiniGame01.GM_MiniGame01_C:ExecuteUbergraph_GM_MiniGame01
[2018.05.22-14.46.01:859][668]LogUObjectGlobals: Created PersistentFrame Addr=0x000001e90a9e7ef0, Size=16, Default__HUD_MiniGame01_C Function /Game/MiniGame01/Blueprints/HUD_MiniGame01.HUD_MiniGame01_C:ExecuteUbergraph_HUD_MiniGame01
[2018.05.22-14.46.01:864][668]LogUObjectGlobals: Created PersistentFrame Addr=0x000001e930a6ac00, Size=576, Default__WidgetHUD_MiniGame01_C Function /Game/MiniGame01/Blueprints/WidgetHUD_MiniGame01.WidgetHUD_MiniGame01_C:ExecuteUbergraph_WidgetHUD_MiniGame01
[2018.05.22-14.46.01:935][668]LogUObjectGlobals: Destroyed PersistentFrame Addr=0x000001e90a9e7ef0, Size=16
[2018.05.22-14.46.01:935][668]LogUObjectGlobals: Created PersistentFrame Addr=0x000001e9308afff0, Size=16, Default__HUD_MiniGame01_C Function /Engine/Transient.REINST_HUD_MiniGame01_C_31:ExecuteUbergraph_HUD_MiniGame01
[2018.05.22-14.46.01:936][668]LogUObjectGlobals: Destroyed PersistentFrame Addr=0x000001e90aa34fa0, Size=24
[2018.05.22-14.46.01:936][668]LogUObjectGlobals: Created PersistentFrame Addr=0x000001e930917610, Size=24, Default__GM_MiniGame01_C Function /Engine/Transient.REINST_GM_MiniGame01_C_32:ExecuteUbergraph_GM_MiniGame01
[2018.05.22-14.46.01:938][668]LogUObjectGlobals: Destroyed PersistentFrame Addr=0x000001e930a6ac00, Size=576
[2018.05.22-14.46.01:938][668]LogUObjectGlobals: Created PersistentFrame Addr=0x000001e930a6ac00, Size=576, Default__WidgetHUD_MiniGame01_C Function /Engine/Transient.REINST_WidgetHUD_MiniGame01_C_4:ExecuteUbergraph_WidgetHUD_MiniGame01
[2018.05.22-14.46.01:972][668]LogUObjectGlobals: Created PersistentFrame Addr=0x000001e9308ac750, Size=16, Default__HUD_MiniGame01_C Function /Game/MiniGame01/Blueprints/HUD_MiniGame01.HUD_MiniGame01_C:ExecuteUbergraph_HUD_MiniGame01
[2018.05.22-14.46.01:974][668]LogUObjectGlobals: Created PersistentFrame Addr=0x000001e930915b88, Size=24, Default__GM_MiniGame01_C Function /Game/MiniGame01/Blueprints/GM_MiniGame01.GM_MiniGame01_C:ExecuteUbergraph_GM_MiniGame01
[2018.05.22-14.46.01:986][668]LogUObjectGlobals: Created PersistentFrame Addr=0x000001e9307dd080, Size=576, Default__WidgetHUD_MiniGame01_C Function /Game/MiniGame01/Blueprints/WidgetHUD_MiniGame01.WidgetHUD_MiniGame01_C:ExecuteUbergraph_WidgetHUD_MiniGame01
[2018.05.22-14.46.02:118][668]LogUObjectGlobals: Created PersistentFrame Addr=0x000001e93088d300, Size=568, Default__MiniGame01_C Function /Game/MiniGame01/MiniGame01.MiniGame01_C:ExecuteUbergraph_MiniGame01
[2018.05.22-14.46.02:164][668]LogUObjectGlobals: Destroyed PersistentFrame Addr=0x000001e93088d300, Size=568
[2018.05.22-14.46.02:164][668]LogUObjectGlobals: Created PersistentFrame Addr=0x000001e93088d300, Size=568, Default__MiniGame01_C Function /Engine/Transient.REINST_MiniGame01_C_36:ExecuteUbergraph_MiniGame01
[2018.05.22-14.46.02:198][668]LogUObjectGlobals: Created PersistentFrame Addr=0x000001e93064b100, Size=568, Default__MiniGame01_C Function /Game/MiniGame01/MiniGame01.MiniGame01_C:ExecuteUbergraph_MiniGame01
[2018.05.22-14.46.03:991][668]LogAIModule: Creating AISystem for world MiniGame01
[2018.05.22-14.46.03:992][668]LogLoad: Game class is 'GM_MiniGame01_C'
[2018.05.22-14.46.04:010][668]LogWorld: Bringing World /Game/MiniGame01/UEDPIE_0_MiniGame01.MiniGame01 up for play (max tick rate 0) at 2018.05.22-16.46.04
[2018.05.22-14.46.04:011][668]LogWorld: Bringing up level for play took: 0.016844
[2018.05.22-14.46.04:026][668]LogLoad: Took 2.842735 seconds to LoadMap(/Game/MiniGame01/MiniGame01)
[2018.05.22-14.46.04:055][668]LogScript: Warning: Accessed None trying to read property CallFunc_checkCollectedPickUpPosition_ActorOut
	WidgetHUD_MiniGame01_C /Engine/Transient.UnrealEdEngine_0:GameInstance_0.WidgetHUD_MiniGame01_C_0
	Function /Game/MiniGame01/Blueprints/WidgetHUD_MiniGame01.WidgetHUD_MiniGame01_C:ExecuteUbergraph_WidgetHUD_MiniGame01:0ABD
[2018.05.22-14.46.04:055][668]LogScript: Warning: Accessed None trying to read property CallFunc_checkCollectedPickUpPosition_ActorOut2
	WidgetHUD_MiniGame01_C /Engine/Transient.UnrealEdEngine_0:GameInstance_0.WidgetHUD_MiniGame01_C_0
	Function /Game/MiniGame01/Blueprints/WidgetHUD_MiniGame01.WidgetHUD_MiniGame01_C:ExecuteUbergraph_WidgetHUD_MiniGame01:0D80
[2018.05.22-14.46.04:055][668]LogScript: Warning: Accessed None trying to read property CallFunc_checkCollectedPickUpPosition_ActorOut1
	WidgetHUD_MiniGame01_C /Engine/Transient.UnrealEdEngine_0:GameInstance_0.WidgetHUD_MiniGame01_C_0
	Function /Game/MiniGame01/Blueprints/WidgetHUD_MiniGame01.WidgetHUD_MiniGame01_C:ExecuteUbergraph_WidgetHUD_MiniGame01:02CC
[2018.05.22-14.46.04:096][669]LogScript: Warning: Accessed None trying to read property CallFunc_checkCollectedPickUpPosition_ActorOut
	WidgetHUD_MiniGame01_C /Engine/Transient.UnrealEdEngine_0:GameInstance_0.WidgetHUD_MiniGame01_C_0
	Function /Game/MiniGame01/Blueprints/WidgetHUD_MiniGame01.WidgetHUD_MiniGame01_C:ExecuteUbergraph_WidgetHUD_MiniGame01:0ABD
[2018.05.22-14.46.04:096][669]LogScript: Warning: Accessed None trying to read property CallFunc_checkCollectedPickUpPosition_ActorOut2
	WidgetHUD_MiniGame01_C /Engine/Transient.UnrealEdEngine_0:GameInstance_0.WidgetHUD_MiniGame01_C_0
	Function /Game/MiniGame01/Blueprints/WidgetHUD_MiniGame01.WidgetHUD_MiniGame01_C:ExecuteUbergraph_WidgetHUD_MiniGame01:0D80
[2018.05.22-14.46.04:096][669]LogScript: Warning: Accessed None trying to read property CallFunc_checkCollectedPickUpPosition_ActorOut1
	WidgetHUD_MiniGame01_C /Engine/Transient.UnrealEdEngine_0:GameInstance_0.WidgetHUD_MiniGame01_C_0
	Function /Game/MiniGame01/Blueprints/WidgetHUD_MiniGame01.WidgetHUD_MiniGame01_C:ExecuteUbergraph_WidgetHUD_MiniGame01:02CC
[2018.05.22-14.46.04:118][670]LogScript: Warning: Accessed None trying to read property CallFunc_checkCollectedPickUpPosition_ActorOut
	WidgetHUD_MiniGame01_C /Engine/Transient.UnrealEdEngine_0:GameInstance_0.WidgetHUD_MiniGame01_C_0
	Function /Game/MiniGame01/Blueprints/WidgetHUD_MiniGame01.WidgetHUD_MiniGame01_C:ExecuteUbergraph_WidgetHUD_MiniGame01:0ABD
[2018.05.22-14.46.04:118][670]LogScript: Warning: Accessed None trying to read property CallFunc_checkCollectedPickUpPosition_ActorOut2
	WidgetHUD_MiniGame01_C /Engine/Transient.UnrealEdEngine_0:GameInstance_0.WidgetHUD_MiniGame01_C_0
	Function /Game/MiniGame01/Blueprints/WidgetHUD_MiniGame01.WidgetHUD_MiniGame01_C:ExecuteUbergraph_WidgetHUD_MiniGame01:0D80
[2018.05.22-14.46.04:118][670]LogScript: Warning: Accessed None trying to read property CallFunc_checkCollectedPickUpPosition_ActorOut1
	WidgetHUD_MiniGame01_C /Engine/Transient.UnrealEdEngine_0:GameInstance_0.WidgetHUD_MiniGame01_C_0
	Function /Game/MiniGame01/Blueprints/WidgetHUD_MiniGame01.WidgetHUD_MiniGame01_C:ExecuteUbergraph_WidgetHUD_MiniGame01:02CC
[2018.05.22-14.46.04:134][671]LogScript: Warning: Accessed None trying to read property CallFunc_checkCollectedPickUpPosition_ActorOut
	WidgetHUD_MiniGame01_C /Engine/Transient.UnrealEdEngine_0:GameInstance_0.WidgetHUD_MiniGame01_C_0
	Function /Game/MiniGame01/Blueprints/WidgetHUD_MiniGame01.WidgetHUD_MiniGame01_C:ExecuteUbergraph_WidgetHUD_MiniGame01:0ABD
[2018.05.22-14.46.04:134][671]LogScript: Warning: Accessed None trying to read property CallFunc_checkCollectedPickUpPosition_ActorOut2
	WidgetHUD_MiniGame01_C /Engine/Transient.UnrealEdEngine_0:GameInstance_0.WidgetHUD_MiniGame01_C_0
	Function /Game/MiniGame01/Blueprints/WidgetHUD_MiniGame01.WidgetHUD_MiniGame01_C:ExecuteUbergraph_WidgetHUD_MiniGame01:0D80
[2018.05.22-14.46.04:134][671]LogScript: Warning: Accessed None trying to read property CallFunc_checkCollectedPickUpPosition_ActorOut1
	WidgetHUD_MiniGame01_C /Engine/Transient.UnrealEdEngine_0:GameInstance_0.WidgetHUD_MiniGame01_C_0
	Function /Game/MiniGame01/Blueprints/WidgetHUD_MiniGame01.WidgetHUD_MiniGame01_C:ExecuteUbergraph_WidgetHUD_MiniGame01:02CC
[2018.05.22-14.46.04:149][672]LogScript: Warning: Accessed None trying to read property CallFunc_checkCollectedPickUpPosition_ActorOut
	WidgetHUD_MiniGame01_C /Engine/Transient.UnrealEdEngine_0:GameInstance_0.WidgetHUD_MiniGame01_C_0
	Function /Game/MiniGame01/Blueprints/WidgetHUD_MiniGame01.WidgetHUD_MiniGame01_C:ExecuteUbergraph_WidgetHUD_MiniGame01:0ABD
[2018.05.22-14.46.04:149][672]LogScript: Warning: Accessed None trying to read property CallFunc_checkCollectedPickUpPosition_ActorOut2
	WidgetHUD_MiniGame01_C /Engine/Transient.UnrealEdEngine_0:GameInstance_0.WidgetHUD_MiniGame01_C_0
	Function /Game/MiniGame01/Blueprints/WidgetHUD_MiniGame01.WidgetHUD_MiniGame01_C:ExecuteUbergraph_WidgetHUD_MiniGame01:0D80
[2018.05.22-14.46.04:149][672]LogScript: Warning: Accessed None trying to read property CallFunc_checkCollectedPickUpPosition_ActorOut1
	WidgetHUD_MiniGame01_C /Engine/Transient.UnrealEdEngine_0:GameInstance_0.WidgetHUD_MiniGame01_C_0
	Function /Game/MiniGame01/Blueprints/WidgetHUD_MiniGame01.WidgetHUD_MiniGame01_C:ExecuteUbergraph_WidgetHUD_MiniGame01:02CC
[2018.05.22-14.46.04:163][673]LogScript: Warning: Accessed None trying to read property CallFunc_checkCollectedPickUpPosition_ActorOut
	WidgetHUD_MiniGame01_C /Engine/Transient.UnrealEdEngine_0:GameInstance_0.WidgetHUD_MiniGame01_C_0
	Function /Game/MiniGame01/Blueprints/WidgetHUD_MiniGame01.WidgetHUD_MiniGame01_C:ExecuteUbergraph_WidgetHUD_MiniGame01:0ABD
[2018.05.22-14.46.04:163][673]LogScript: Warning: Accessed None trying to read property CallFunc_checkCollectedPickUpPosition_ActorOut2
	WidgetHUD_MiniGame01_C /Engine/Transient.UnrealEdEngine_0:GameInstance_0.WidgetHUD_MiniGame01_C_0
	Function /Game/MiniGame01/Blueprints/WidgetHUD_MiniGame01.WidgetHUD_MiniGame01_C:ExecuteUbergraph_WidgetHUD_MiniGame01:0D80
[2018.05.22-14.46.12:803][375]LogBlueprintUserMessages: Early EndPlayMap Detection: Level '/Game/MainLevel.MainLevel:PersistentLevel' has LevelScriptBlueprint '/Game/MainLevel.MainLevel:PersistentLevel.MainLevel' with GeneratedClass '/Game/MainLevel.MainLevel_C' with ClassGeneratedBy '/Game/MainLevel.MainLevel:PersistentLevel.MainLevel'
[2018.05.22-14.46.12:846][375]LogBlueprintUserMessages: Late EndPlayMap Detection: Level '/Game/MainLevel.MainLevel:PersistentLevel' has LevelScriptBlueprint '/Game/MainLevel.MainLevel:PersistentLevel.MainLevel' with GeneratedClass '/Game/MainLevel.MainLevel_C' with ClassGeneratedBy '/Game/MainLevel.MainLevel:PersistentLevel.MainLevel'
[2018.05.22-14.46.12:874][375]LogUObjectGlobals: Destroyed PersistentFrame Addr=0x000001e930209f48, Size=8
[2018.05.22-14.46.12:874][375]LogUObjectGlobals: Destroyed PersistentFrame Addr=0x000001e9302094b8, Size=8
[2018.05.22-14.46.12:874][375]LogUObjectGlobals: Destroyed PersistentFrame Addr=0x000001e93020a400, Size=8
[2018.05.22-14.46.12:874][375]LogUObjectGlobals: Destroyed PersistentFrame Addr=0x000001e93020a810, Size=8
[2018.05.22-14.46.12:875][375]LogUObjectGlobals: Destroyed PersistentFrame Addr=0x000001e930df4f00, Size=1104
[2018.05.22-14.46.12:875][375]LogUObjectGlobals: Destroyed PersistentFrame Addr=0x000001e930c5dc90, Size=16
[2018.05.22-14.46.12:875][375]LogUObjectGlobals: Destroyed PersistentFrame Addr=0x000001e930b36f60, Size=216
[2018.05.22-14.46.12:875][375]LogUObjectGlobals: Destroyed PersistentFrame Addr=0x000001e930c5e1e0, Size=16
[2018.05.22-14.46.12:875][375]LogUObjectGlobals: Destroyed PersistentFrame Addr=0x000001e90aa0eb00, Size=1264
[2018.05.22-14.46.12:875][375]LogUObjectGlobals: Destroyed PersistentFrame Addr=0x000001e90aa51fa0, Size=208
[2018.05.22-14.46.12:875][375]LogUObjectGlobals: Destroyed PersistentFrame Addr=0x000001e90aa42b00, Size=1264
[2018.05.22-14.46.12:875][375]LogUObjectGlobals: Destroyed PersistentFrame Addr=0x000001e930abb040, Size=208
[2018.05.22-14.46.12:875][375]LogUObjectGlobals: Destroyed PersistentFrame Addr=0x000001e930aa1600, Size=1264
[2018.05.22-14.46.12:875][375]LogUObjectGlobals: Destroyed PersistentFrame Addr=0x000001e930a3bc80, Size=208
[2018.05.22-14.46.12:875][375]LogUObjectGlobals: Destroyed PersistentFrame Addr=0x000001e930a4b200, Size=1264
[2018.05.22-14.46.12:875][375]LogUObjectGlobals: Destroyed PersistentFrame Addr=0x000001e930917610, Size=24
[2018.05.22-14.46.12:875][375]LogUObjectGlobals: Destroyed PersistentFrame Addr=0x000001e9308afff0, Size=16
[2018.05.22-14.46.12:876][375]LogUObjectGlobals: Destroyed PersistentFrame Addr=0x000001e930a6ac00, Size=576
[2018.05.22-14.46.12:876][375]LogUObjectGlobals: Destroyed PersistentFrame Addr=0x000001e93088d300, Size=568
[2018.05.22-14.46.12:877][375]LogUObjectGlobals: Destroyed PersistentFrame Addr=0x000001e93064b100, Size=568
[2018.05.22-14.46.23:641][275]LogSlate: FSceneViewport::OnFocusLost() reason 0
[2018.05.22-14.46.23:704][281]LogTemp: Repeating last play command: Selected Viewport
[2018.05.22-14.46.23:732][281]LogBlueprintUserMessages: Early PlayInEditor Detection: Level '/Game/MainLevel.MainLevel:PersistentLevel' has LevelScriptBlueprint '/Game/MainLevel.MainLevel:PersistentLevel.MainLevel' with GeneratedClass '/Game/MainLevel.MainLevel_C' with ClassGeneratedBy '/Game/MainLevel.MainLevel:PersistentLevel.MainLevel'
[2018.05.22-14.46.23:733][281]LogPlayLevel: PlayLevel: No blueprints needed recompiling
[2018.05.22-14.46.23:733][281]PIE: New page: PIE session: MainLevel (22.05.2018 18:46:23)
[2018.05.22-14.46.23:733][281]LogPlayLevel: Creating play world package: /Game/UEDPIE_0_MainLevel
[2018.05.22-14.46.23:735][281]LogPlayLevel: PIE: StaticDuplicateObject took: (0.001981s)
[2018.05.22-14.46.23:736][281]LogAIModule: Creating AISystem for world MainLevel
[2018.05.22-14.46.23:736][281]LogPlayLevel: PIE: World Init took: (0.001181s)
[2018.05.22-14.46.23:736][281]LogPlayLevel: PIE: Created PIE world by copying editor world from /Game/MainLevel.MainLevel to /Game/UEDPIE_0_MainLevel.MainLevel (0.003345s)
[2018.05.22-14.46.23:763][281]LogInit: XAudio2 using 'SAMSUNG (NVIDIA High Definition Audio)' : 2 channels at 48 kHz using 16 bits per sample (channel mask 0x3)
[2018.05.22-14.46.23:775][281]LogInit: FAudioDevice initialized.
[2018.05.22-14.46.23:815][281]LogLoad: Game class is 'GameModeBase'
[2018.05.22-14.46.23:816][281]LogWorld: Bringing World /Game/UEDPIE_0_MainLevel.MainLevel up for play (max tick rate 0) at 2018.05.22-16.46.23
[2018.05.22-14.46.23:816][281]LogWorld: Bringing up level for play took: 0.000647
[2018.05.22-14.46.23:819][281]PIE: Play in editor start time for /Game/UEDPIE_0_MainLevel 0,136
[2018.05.22-14.46.23:819][281]LogBlueprintUserMessages: Late PlayInEditor Detection: Level '/Game/MainLevel.MainLevel:PersistentLevel' has LevelScriptBlueprint '/Game/MainLevel.MainLevel:PersistentLevel.MainLevel' with GeneratedClass '/Game/MainLevel.MainLevel_C' with ClassGeneratedBy '/Game/MainLevel.MainLevel:PersistentLevel.MainLevel'
[2018.05.22-14.46.25:072][383]LogBlueprintUserMessages: Early EndPlayMap Detection: Level '/Game/MainLevel.MainLevel:PersistentLevel' has LevelScriptBlueprint '/Game/MainLevel.MainLevel:PersistentLevel.MainLevel' with GeneratedClass '/Game/MainLevel.MainLevel_C' with ClassGeneratedBy '/Game/MainLevel.MainLevel:PersistentLevel.MainLevel'
[2018.05.22-14.46.25:112][383]LogBlueprintUserMessages: Late EndPlayMap Detection: Level '/Game/MainLevel.MainLevel:PersistentLevel' has LevelScriptBlueprint '/Game/MainLevel.MainLevel:PersistentLevel.MainLevel' with GeneratedClass '/Game/MainLevel.MainLevel_C' with ClassGeneratedBy '/Game/MainLevel.MainLevel:PersistentLevel.MainLevel'
