Log file open, 05/17/18 16:03:19
LogWindows: Failed to load 'aqProf.dll' (GetLastError=126)
LogWindows: File 'aqProf.dll' does not exist
LogWindows: Failed to load 'VtuneApi.dll' (GetLastError=126)
LogWindows: File 'VtuneApi.dll' does not exist
LogWindows: Failed to load 'VtuneApi32e.dll' (GetLastError=126)
LogWindows: File 'VtuneApi32e.dll' does not exist
LogInit: Display: Running engine for game: EcoChampion
LogPlatformFile: Not using cached read wrapper
LogInit: Display: RandInit(1723460648) SRandInit(1723460648).
LogInit: Read version file with build ID '3944462'
LogInit: Overriding engine version to CL 4033788, compatible CL 3944462
LogInit: Registered custom module enumerator with build ID '3944462'
LogTaskGraph: Started task graph with 5 named threads and 23 total threads with 3 sets of task threads.
LogStats: Stats thread started at 0.635172
LogD3D11RHI: Aftermath initialized
LogICUInternationalization: Display: ICU TimeZone Detection - Raw Offset: +1:00, Platform Override: ''
LogModuleManager: Display: Found up-to-date module file ../../../Engine/Plugins/2D/Paper2D/Binaries/Win64/UE4Editor-Paper2D.dll (API version 3944462).
LogModuleManager: Display: Found up-to-date module file ../../../Engine/Plugins/2D/Paper2D/Binaries/Win64/UE4Editor-Paper2DEditor.dll (API version 3944462).
LogModuleManager: Display: Found up-to-date module file ../../../Engine/Plugins/2D/Paper2D/Binaries/Win64/UE4Editor-PaperSpriteSheetImporter.dll (API version 3944462).
LogModuleManager: Display: Found up-to-date module file ../../../Engine/Plugins/2D/Paper2D/Binaries/Win64/UE4Editor-PaperTiledImporter.dll (API version 3944462).
LogModuleManager: Display: Found up-to-date module file ../../../Engine/Plugins/2D/Paper2D/Binaries/Win64/UE4Editor-SmartSnapping.dll (API version 3944462).
LogModuleManager: Display: Found up-to-date module file ../../../Engine/Plugins/Blendables/LightPropagationVolume/Binaries/Win64/UE4Editor-LightPropagationVolumeRuntime.dll (API version 3944462).
LogModuleManager: Display: Found up-to-date module file ../../../Engine/Plugins/Blendables/LightPropagationVolume/Binaries/Win64/UE4Editor-LightPropagationVolumeEditor.dll (API version 3944462).
LogModuleManager: Display: Found up-to-date module file ../../../Engine/Plugins/Developer/CLionSourceCodeAccess/Binaries/Win64/UE4Editor-CLionSourceCodeAccess.dll (API version 3944462).
LogModuleManager: Display: Found up-to-date module file ../../../Engine/Plugins/Developer/GitSourceControl/Binaries/Win64/UE4Editor-GitSourceControl.dll (API version 3944462).
LogModuleManager: Display: Found up-to-date module file ../../../Engine/Plugins/Developer/PerforceSourceControl/Binaries/Win64/UE4Editor-PerforceSourceControl.dll (API version 3944462).
LogModuleManager: Display: Found up-to-date module file ../../../Engine/Plugins/Developer/SubversionSourceControl/Binaries/Win64/UE4Editor-SubversionSourceControl.dll (API version 3944462).
LogModuleManager: Display: Found up-to-date module file ../../../Engine/Plugins/Developer/UObjectPlugin/Binaries/Win64/UE4Editor-UObjectPlugin.dll (API version 3944462).
LogModuleManager: Display: Found up-to-date module file ../../../Engine/Plugins/Developer/VisualStudioCodeSourceCodeAccess/Binaries/Win64/UE4Editor-VisualStudioCodeSourceCodeAccess.dll (API version 3944462).
LogModuleManager: Display: Found up-to-date module file ../../../Engine/Plugins/Developer/VisualStudioSourceCodeAccess/Binaries/Win64/UE4Editor-VisualStudioSourceCodeAccess.dll (API version 3944462).
LogModuleManager: Display: Found up-to-date module file ../../../Engine/Plugins/Editor/AssetManagerEditor/Binaries/Win64/UE4Editor-AssetManagerEditor.dll (API version 3944462).
LogModuleManager: Display: Found up-to-date module file ../../../Engine/Plugins/Editor/CryptoKeys/Binaries/Win64/UE4Editor-CryptoKeys.dll (API version 3944462).
LogModuleManager: Display: Found up-to-date module file ../../../Engine/Plugins/Editor/CryptoKeys/Binaries/Win64/UE4Editor-CryptoKeysOpenSSL.dll (API version 3944462).
LogModuleManager: Display: Found up-to-date module file ../../../Engine/Plugins/Editor/DataValidation/Binaries/Win64/UE4Editor-DataValidation.dll (API version 3944462).
LogModuleManager: Display: Found up-to-date module file ../../../Engine/Plugins/Editor/FacialAnimation/Binaries/Win64/UE4Editor-FacialAnimation.dll (API version 3944462).
LogModuleManager: Display: Found up-to-date module file ../../../Engine/Plugins/Editor/FacialAnimation/Binaries/Win64/UE4Editor-FacialAnimationEditor.dll (API version 3944462).
LogModuleManager: Display: Found up-to-date module file ../../../Engine/Plugins/Editor/GameplayTagsEditor/Binaries/Win64/UE4Editor-GameplayTagsEditor.dll (API version 3944462).
LogModuleManager: Display: Found up-to-date module file ../../../Engine/Plugins/Editor/MobileLauncherProfileWizard/Binaries/Win64/UE4Editor-MobileLauncherProfileWizard.dll (API version 3944462).
LogModuleManager: Display: Found up-to-date module file ../../../Engine/Plugins/Editor/PluginBrowser/Binaries/Win64/UE4Editor-PluginBrowser.dll (API version 3944462).
LogModuleManager: Display: Found up-to-date module file ../../../Engine/Plugins/Editor/SpeedTreeImporter/Binaries/Win64/UE4Editor-SpeedTreeImporter.dll (API version 3944462).
LogModuleManager: Display: Found up-to-date module file ../../../Engine/Plugins/Enterprise/DatasmithContent/Binaries/Win64/UE4Editor-DatasmithContent.dll (API version 3944462).
LogModuleManager: Display: Found up-to-date module file ../../../Engine/Plugins/Experimental/AlembicImporter/Binaries/Win64/UE4Editor-AlembicImporter.dll (API version 3944462).
LogModuleManager: Display: Found up-to-date module file ../../../Engine/Plugins/Experimental/AlembicImporter/Binaries/Win64/UE4Editor-AlembicLibrary.dll (API version 3944462).
LogModuleManager: Display: Found up-to-date module file ../../../Engine/Plugins/Experimental/CharacterAI/Binaries/Win64/UE4Editor-CharacterAI.dll (API version 3944462).
LogModuleManager: Display: Found up-to-date module file ../../../Engine/Plugins/Experimental/HTML5Networking/Binaries/Win64/UE4Editor-HTML5Networking.dll (API version 3944462).
LogModuleManager: Display: Found up-to-date module file ../../../Engine/Plugins/Media/AndroidMedia/Binaries/Win64/UE4Editor-AndroidMediaEditor.dll (API version 3944462).
LogModuleManager: Display: Found up-to-date module file ../../../Engine/Plugins/Media/AndroidMedia/Binaries/Win64/UE4Editor-AndroidMediaFactory.dll (API version 3944462).
LogModuleManager: Display: Found up-to-date module file ../../../Engine/Plugins/Media/AvfMedia/Binaries/Win64/UE4Editor-AvfMediaEditor.dll (API version 3944462).
LogModuleManager: Display: Found up-to-date module file ../../../Engine/Plugins/Media/AvfMedia/Binaries/Win64/UE4Editor-AvfMediaFactory.dll (API version 3944462).
LogModuleManager: Display: Found up-to-date module file ../../../Engine/Plugins/Media/AvfMedia/Binaries/Win64/UE4Editor-AvfMediaFactory.dll (API version 3944462).
LogModuleManager: Display: Found up-to-date module file ../../../Engine/Plugins/Media/ImgMedia/Binaries/Win64/UE4Editor-ImgMedia.dll (API version 3944462).
LogModuleManager: Display: Found up-to-date module file ../../../Engine/Plugins/Media/ImgMedia/Binaries/Win64/UE4Editor-ImgMediaEditor.dll (API version 3944462).
LogModuleManager: Display: Found up-to-date module file ../../../Engine/Plugins/Media/ImgMedia/Binaries/Win64/UE4Editor-ImgMediaFactory.dll (API version 3944462).
LogModuleManager: Display: Found up-to-date module file ../../../Engine/Plugins/Media/ImgMedia/Binaries/Win64/UE4Editor-ImgMediaFactory.dll (API version 3944462).
LogModuleManager: Display: Found up-to-date module file ../../../Engine/Plugins/Media/ImgMedia/Binaries/Win64/UE4Editor-OpenExrWrapper.dll (API version 3944462).
LogModuleManager: Display: Found up-to-date module file ../../../Engine/Plugins/Media/LinearTimecode/Binaries/Win64/UE4Editor-LinearTimecode.dll (API version 3944462).
LogModuleManager: Display: Found up-to-date module file ../../../Engine/Plugins/Media/MediaCompositing/Binaries/Win64/UE4Editor-MediaCompositing.dll (API version 3944462).
LogModuleManager: Display: Found up-to-date module file ../../../Engine/Plugins/Media/MediaCompositing/Binaries/Win64/UE4Editor-MediaCompositingEditor.dll (API version 3944462).
LogModuleManager: Display: Found up-to-date module file ../../../Engine/Plugins/Media/MediaPlayerEditor/Binaries/Win64/UE4Editor-MediaPlayerEditor.dll (API version 3944462).
LogModuleManager: Display: Found up-to-date module file ../../../Engine/Plugins/Media/WmfMedia/Binaries/Win64/UE4Editor-WmfMedia.dll (API version 3944462).
LogModuleManager: Display: Found up-to-date module file ../../../Engine/Plugins/Media/WmfMedia/Binaries/Win64/UE4Editor-WmfMediaEditor.dll (API version 3944462).
LogModuleManager: Display: Found up-to-date module file ../../../Engine/Plugins/Media/WmfMedia/Binaries/Win64/UE4Editor-WmfMediaFactory.dll (API version 3944462).
LogModuleManager: Display: Found up-to-date module file ../../../Engine/Plugins/Media/WmfMedia/Binaries/Win64/UE4Editor-WmfMediaFactory.dll (API version 3944462).
LogModuleManager: Display: Found up-to-date module file ../../../Engine/Plugins/Messaging/TcpMessaging/Binaries/Win64/UE4Editor-TcpMessaging.dll (API version 3944462).
LogModuleManager: Display: Found up-to-date module file ../../../Engine/Plugins/Messaging/UdpMessaging/Binaries/Win64/UE4Editor-UdpMessaging.dll (API version 3944462).
LogModuleManager: Display: Found up-to-date module file ../../../Engine/Plugins/MovieScene/ActorSequence/Binaries/Win64/UE4Editor-ActorSequence.dll (API version 3944462).
LogModuleManager: Display: Found up-to-date module file ../../../Engine/Plugins/MovieScene/LevelSequenceEditor/Binaries/Win64/UE4Editor-LevelSequenceEditor.dll (API version 3944462).
LogModuleManager: Display: Found up-to-date module file ../../../Engine/Plugins/MovieScene/MatineeToLevelSequence/Binaries/Win64/UE4Editor-MatineeToLevelSequence.dll (API version 3944462).
LogModuleManager: Display: Found up-to-date module file ../../../Engine/Plugins/NetcodeUnitTest/NetcodeUnitTest/Binaries/Win64/UE4Editor-NetcodeUnitTest.dll (API version 3944462).
LogModuleManager: Display: Found up-to-date module file ../../../Engine/Plugins/NetcodeUnitTest/NUTUnrealEngine4/Binaries/Win64/UE4Editor-NUTUnrealEngine4.dll (API version 3944462).
LogModuleManager: Display: Found up-to-date module file ../../../Engine/Plugins/Online/OnlineSubsystem/Binaries/Win64/UE4Editor-OnlineSubsystem.dll (API version 3944462).
LogModuleManager: Display: Found up-to-date module file ../../../Engine/Plugins/Runtime/AndroidPermission/Binaries/Win64/UE4Editor-AndroidPermission.dll (API version 3944462).
LogModuleManager: Display: Found up-to-date module file ../../../Engine/Plugins/Online/OnlineSubsystemNull/Binaries/Win64/UE4Editor-OnlineSubsystemNull.dll (API version 3944462).
LogModuleManager: Display: Found up-to-date module file ../../../Engine/Plugins/Online/OnlineSubsystemUtils/Binaries/Win64/UE4Editor-OnlineSubsystemUtils.dll (API version 3944462).
LogModuleManager: Display: Found up-to-date module file ../../../Engine/Plugins/Online/OnlineSubsystemUtils/Binaries/Win64/UE4Editor-OnlineBlueprintSupport.dll (API version 3944462).
LogModuleManager: Display: Found up-to-date module file ../../../Engine/Plugins/Runtime/AndroidDeviceProfileSelector/Binaries/Win64/UE4Editor-AndroidDeviceProfileSelector.dll (API version 3944462).
LogModuleManager: Display: Found up-to-date module file ../../../Engine/Plugins/Runtime/AppleARKit/Binaries/Win64/UE4Editor-AppleARKit.dll (API version 3944462).
LogModuleManager: Display: Found up-to-date module file ../../../Engine/Plugins/Runtime/ProceduralMeshComponent/Binaries/Win64/UE4Editor-ProceduralMeshComponent.dll (API version 3944462).
LogModuleManager: Display: Found up-to-date module file ../../../Engine/Plugins/Runtime/ProceduralMeshComponent/Binaries/Win64/UE4Editor-ProceduralMeshComponentEditor.dll (API version 3944462).
LogModuleManager: Display: Found up-to-date module file ../../../Engine/Plugins/Animation/LiveLink/Binaries/Win64/UE4Editor-LiveLink.dll (API version 3944462).
LogModuleManager: Display: Found up-to-date module file ../../../Engine/Plugins/Animation/LiveLink/Binaries/Win64/UE4Editor-LiveLinkEditor.dll (API version 3944462).
LogModuleManager: Display: Found up-to-date module file ../../../Engine/Plugins/Runtime/ArchVisCharacter/Binaries/Win64/UE4Editor-ArchVisCharacter.dll (API version 3944462).
LogModuleManager: Display: Found up-to-date module file ../../../Engine/Plugins/Runtime/AudioCapture/Binaries/Win64/UE4Editor-AudioCapture.dll (API version 3944462).
LogModuleManager: Display: Found up-to-date module file ../../../Engine/Plugins/Runtime/AudioCapture/Binaries/Win64/UE4Editor-AudioCaptureEditor.dll (API version 3944462).
LogModuleManager: Display: Found up-to-date module file ../../../Engine/Plugins/Runtime/CableComponent/Binaries/Win64/UE4Editor-CableComponent.dll (API version 3944462).
LogModuleManager: Display: Found up-to-date module file ../../../Engine/Plugins/Runtime/CustomMeshComponent/Binaries/Win64/UE4Editor-CustomMeshComponent.dll (API version 3944462).
LogModuleManager: Display: Found up-to-date module file ../../../Engine/Plugins/Runtime/ExampleDeviceProfileSelector/Binaries/Win64/UE4Editor-ExampleDeviceProfileSelector.dll (API version 3944462).
LogModuleManager: Display: Found up-to-date module file ../../../Engine/Plugins/Runtime/ImmediatePhysics/Binaries/Win64/UE4Editor-ImmediatePhysics.dll (API version 3944462).
LogModuleManager: Display: Found up-to-date module file ../../../Engine/Plugins/Runtime/ImmediatePhysics/Binaries/Win64/UE4Editor-ImmediatePhysicsEditor.dll (API version 3944462).
LogModuleManager: Display: Found up-to-date module file ../../../Engine/Plugins/Runtime/LocationServicesBPLibrary/Binaries/Win64/UE4Editor-LocationServicesBPLibrary.dll (API version 3944462).
LogModuleManager: Display: Found up-to-date module file ../../../Engine/Plugins/Runtime/MobilePatchingUtils/Binaries/Win64/UE4Editor-MobilePatchingUtils.dll (API version 3944462).
LogModuleManager: Display: Found up-to-date module file ../../../Engine/Plugins/Runtime/Oculus/OculusVR/Binaries/Win64/UE4Editor-OculusHMD.dll (API version 3944462).
LogModuleManager: Display: Found up-to-date module file ../../../Engine/Plugins/Runtime/Oculus/OculusVR/Binaries/Win64/UE4Editor-OculusInput.dll (API version 3944462).
LogModuleManager: Display: Found up-to-date module file ../../../Engine/Plugins/Runtime/Oculus/OculusVR/Binaries/Win64/UE4Editor-OculusEditor.dll (API version 3944462).
LogModuleManager: Display: Found up-to-date module file ../../../Engine/Plugins/Runtime/PhysXVehicles/Binaries/Win64/UE4Editor-PhysXVehicles.dll (API version 3944462).
LogModuleManager: Display: Found up-to-date module file ../../../Engine/Plugins/Runtime/PhysXVehicles/Binaries/Win64/UE4Editor-PhysXVehiclesEditor.dll (API version 3944462).
LogModuleManager: Display: Found up-to-date module file ../../../Engine/Plugins/Runtime/RuntimePhysXCooking/Binaries/Win64/UE4Editor-RuntimePhysXCooking.dll (API version 3944462).
LogModuleManager: Display: Found up-to-date module file ../../../Engine/Plugins/Runtime/Steam/SteamVR/Binaries/Win64/UE4Editor-SteamVR.dll (API version 3944462).
LogModuleManager: Display: Found up-to-date module file ../../../Engine/Plugins/Runtime/Steam/SteamVR/Binaries/Win64/UE4Editor-SteamVRController.dll (API version 3944462).
LogModuleManager: Display: Found up-to-date module file ../../../Engine/Plugins/Runtime/WindowsMoviePlayer/Binaries/Win64/UE4Editor-WindowsMoviePlayer.dll (API version 3944462).
LogPluginManager: Mounting plugin Paper2D
LogPluginManager: Mounting plugin LiveLink
LogPluginManager: Mounting plugin LightPropagationVolume
LogPluginManager: Mounting plugin CLionSourceCodeAccess
LogPluginManager: Mounting plugin CodeLiteSourceCodeAccess
LogPluginManager: Mounting plugin GitSourceControl
LogPluginManager: Mounting plugin KDevelopSourceCodeAccess
LogPluginManager: Mounting plugin NullSourceCodeAccess
LogPluginManager: Mounting plugin PerforceSourceControl
LogPluginManager: Mounting plugin SubversionSourceControl
LogPluginManager: Mounting plugin UObjectPlugin
LogPluginManager: Mounting plugin VisualStudioCodeSourceCodeAccess
LogPluginManager: Mounting plugin VisualStudioSourceCodeAccess
LogPluginManager: Mounting plugin XCodeSourceCodeAccess
LogPluginManager: Mounting plugin AssetManagerEditor
LogPluginManager: Mounting plugin CryptoKeys
LogPluginManager: Mounting plugin DataValidation
LogPluginManager: Mounting plugin FacialAnimation
LogPluginManager: Mounting plugin GameplayTagsEditor
LogPluginManager: Mounting plugin MobileLauncherProfileWizard
LogPluginManager: Mounting plugin PluginBrowser
LogPluginManager: Mounting plugin SpeedTreeImporter
LogPluginManager: Mounting plugin DatasmithContent
LogPluginManager: Mounting plugin AlembicImporter
LogPluginManager: Mounting plugin CharacterAI
LogPluginManager: Mounting plugin HTML5Networking
LogPluginManager: Mounting plugin AndroidMedia
LogPluginManager: Mounting plugin AvfMedia
LogPluginManager: Mounting plugin ImgMedia
LogPluginManager: Mounting plugin LinearTimecode
LogPluginManager: Mounting plugin MediaCompositing
LogPluginManager: Mounting plugin MediaPlayerEditor
LogPluginManager: Mounting plugin WmfMedia
LogPluginManager: Mounting plugin TcpMessaging
LogPluginManager: Mounting plugin UdpMessaging
LogPluginManager: Mounting plugin ActorSequence
LogPluginManager: Mounting plugin LevelSequenceEditor
LogPluginManager: Mounting plugin MatineeToLevelSequence
LogPluginManager: Mounting plugin NetcodeUnitTest
LogPluginManager: Mounting plugin NUTUnrealEngine4
LogPluginManager: Mounting plugin OnlineSubsystemGooglePlay
LogPluginManager: Mounting plugin OnlineSubsystemIOS
LogPluginManager: Mounting plugin OnlineSubsystem
LogPluginManager: Mounting plugin OnlineSubsystemNull
LogPluginManager: Mounting plugin OnlineSubsystemUtils
LogPluginManager: Mounting plugin AndroidDeviceProfileSelector
LogPluginManager: Mounting plugin AndroidMoviePlayer
LogPluginManager: Mounting plugin AndroidPermission
LogPluginManager: Mounting plugin AppleARKit
LogPluginManager: Mounting plugin AppleMoviePlayer
LogPluginManager: Mounting plugin ArchVisCharacter
LogPluginManager: Mounting plugin AudioCapture
LogPluginManager: Mounting plugin CableComponent
LogPluginManager: Mounting plugin CustomMeshComponent
LogPluginManager: Mounting plugin ExampleDeviceProfileSelector
LogPluginManager: Mounting plugin GoogleCloudMessaging
LogPluginManager: Mounting plugin ImmediatePhysics
LogPluginManager: Mounting plugin IOSDeviceProfileSelector
LogPluginManager: Mounting plugin LinuxDeviceProfileSelector
LogPluginManager: Mounting plugin LocationServicesBPLibrary
LogPluginManager: Mounting plugin MobilePatchingUtils
LogPluginManager: Mounting plugin OculusVR
LogPluginManager: Plugin shader directory ../../../Engine/Plugins/Runtime/Oculus/OculusVR/Shaders found
LogPluginManager: Mapping shader source directory ../../../Engine/Plugins/Runtime/Oculus/OculusVR/Shaders to virtual directory /Plugin/OculusVR
LogPluginManager: Mounting plugin PhysXVehicles
LogPluginManager: Mounting plugin ProceduralMeshComponent
LogPluginManager: Mounting plugin RuntimePhysXCooking
LogPluginManager: Mounting plugin SteamVR
LogPluginManager: Mounting plugin WindowsMoviePlayer
LogStreaming: Display: Took  0.691s to configure plugins.
LogInit: Using libcurl 7.47.1
LogInit:  - built for x86_64-pc-win32
LogInit:  - supports SSL with OpenSSL/1.0.2g
LogInit:  - supports HTTP deflate (compression) using libz 1.2.8
LogInit:  - other features:
LogInit:      CURL_VERSION_SSL
LogInit:      CURL_VERSION_LIBZ
LogInit:      CURL_VERSION_IPV6
LogInit:      CURL_VERSION_ASYNCHDNS
LogInit:      CURL_VERSION_LARGEFILE
LogInit:      CURL_VERSION_IDN
LogInit:  CurlRequestOptions (configurable via config and command line):
LogInit:  - bVerifyPeer = false  - Libcurl will NOT verify peer certificate
LogInit:  - bUseHttpProxy = false  - Libcurl will NOT use HTTP proxy
LogInit:  - bDontReuseConnections = false  - Libcurl will reuse connections
LogInit:  - CertBundlePath = nullptr  - Libcurl will use whatever was configured at build time.
LogInit:  - MaxHostConnections = 16  - Libcurl will limit the number of connections to a host
LogInit:  - LocalHostAddr = Default
LogInit: WinSock: version 1.1 (2.2), MaxSocks=32767, MaxUdp=65467
LogInit: WinSock: I am sinety-PC (192.168.178.30:0)
LogInit: Build: ++UE4+Release-4.19-CL-4033788
LogInit: Engine Version: 4.19.2-4033788+++UE4+Release-4.19
LogInit: Compatible Engine Version: 4.19.0-3944462+++UE4+Release-4.19
LogInit: Net CL: 3944462
LogDevObjectVersion: Number of dev versions registered: 18
LogDevObjectVersion:   Dev-Blueprints (B0D832E4-1F89-4F0D-ACCF-7EB736FD4AA2): 10
LogDevObjectVersion:   Dev-Build (E1C64328-A22C-4D53-A36C-8E866417BD8C): 0
LogDevObjectVersion:   Dev-Core (375EC13C-06E4-48FB-B500-84F0262A717E): 2
LogDevObjectVersion:   Dev-Editor (E4B068ED-F494-42E9-A231-DA0B2E46BB41): 23
LogDevObjectVersion:   Dev-Framework (CFFC743F-43B0-4480-9391-14DF171D2073): 33
LogDevObjectVersion:   Dev-Mobile (B02B49B5-BB20-44E9-A304-32B752E40360): 2
LogDevObjectVersion:   Dev-Networking (A4E4105C-59A1-49B5-A7C5-40C4547EDFEE): 0
LogDevObjectVersion:   Dev-Online (39C831C9-5AE6-47DC-9A44-9C173E1C8E7C): 0
LogDevObjectVersion:   Dev-Physics (78F01B33-EBEA-4F98-B9B4-84EACCB95AA2): 0
LogDevObjectVersion:   Dev-Platform (6631380F-2D4D-43E0-8009-CF276956A95A): 0
LogDevObjectVersion:   Dev-Rendering (12F88B9F-8875-4AFC-A67C-D90C383ABD29): 25
LogDevObjectVersion:   Dev-Sequencer (7B5AE74C-D270-4C10-A958-57980B212A5A): 6
LogDevObjectVersion:   Dev-VR (D7296918-1DD6-4BDD-9DE2-64A83CC13884): 1
LogDevObjectVersion:   Dev-LoadTimes (C2A15278-BFE7-4AFE-6C17-90FF531DF755): 1
LogDevObjectVersion:   Private-Geometry (6EACA3D4-40EC-4CC1-B786-8BED09428FC5): 2
LogDevObjectVersion:   Dev-AnimPhys (29E575DD-E0A3-4627-9D10-D276232CDCEA): 16
LogDevObjectVersion:   Dev-ReflectionCapture (6B266CEC-1EC7-4B8F-A30B-E4D90942FC07): 1
LogDevObjectVersion:   Dev-Automation (0DF73D61-A23F-47EA-B727-89E90C41499A): 1
LogInit: Compiled (64-bit): Apr 27 2018 02:06:57
LogInit: Compiled with Visual C++: 19.00.24215.01
LogInit: Build Configuration: Development
LogInit: Branch Name: ++UE4+Release-4.19
LogInit: Command Line:  
LogInit: Base Directory: C:/Program Files/Epic Games/UE_4.19/Engine/Binaries/Win64/
LogInit: Installed Engine Build: 1
LogStreaming: Display: Took  0.000s to delete old logs.
LogInit: Presizing for max 8388607 objects, including 0 objects not considered by GC, pre-allocating 0 bytes for permanent pool.
LogInit: Object subsystem initialized
[2018.05.17-14.03.20:356][  0]LogInit: Selected Device Profile: [Windows]
[2018.05.17-14.03.20:356][  0]LogInit: Applying CVar settings loaded from the selected device profile: [Windows]
[2018.05.17-14.03.20:376][  0]LogInit: Computer: SINETY-PC
[2018.05.17-14.03.20:376][  0]LogInit: User: sinety
[2018.05.17-14.03.20:376][  0]LogInit: CPU Page size=4096, Cores=4
[2018.05.17-14.03.20:376][  0]LogInit: High frequency timer resolution =3.904033 MHz
[2018.05.17-14.03.20:376][  0]LogMemory: Memory total: Physical=15.9GB (16GB approx)
[2018.05.17-14.03.20:376][  0]LogMemory: Platform Memory Stats for Windows
[2018.05.17-14.03.20:376][  0]LogMemory: Process Physical Memory: 276.54 MB used, 276.54 MB peak
[2018.05.17-14.03.20:376][  0]LogMemory: Process Virtual Memory: 268.27 MB used, 268.27 MB peak
[2018.05.17-14.03.20:376][  0]LogMemory: Physical Memory: 9153.43 MB used,  7173.47 MB free, 16326.90 MB total
[2018.05.17-14.03.20:376][  0]LogMemory: Virtual Memory: 645.74 MB used,  7173.47 MB free, 8388608.00 MB total
[2018.05.17-14.03.20:481][  0]LogInit: Using OS detected language (de-DE).
[2018.05.17-14.03.20:481][  0]LogInit: Using OS detected locale (de-DE).
[2018.05.17-14.03.20:487][  0]LogTextLocalizationManager: No localization for 'de-DE' exists, so 'en' will be used for the language.
[2018.05.17-14.03.20:915][  0]LogStreaming: Display: Took  0.433s to EndInitTextLocalization.
[2018.05.17-14.03.20:916][  0]LogWindows: Failed to load 'shcore.dll' (GetLastError=126)
[2018.05.17-14.03.20:916][  0]LogWindows: File 'shcore.dll' does not exist
[2018.05.17-14.03.20:916][  0]LogInit: Setting process to DPI aware
[2018.05.17-14.03.20:925][  0]LogWindows: Failed to load 'shcore.dll' (GetLastError=126)
[2018.05.17-14.03.20:925][  0]LogWindows: File 'shcore.dll' does not exist
[2018.05.17-14.03.20:925][  0]LogInit: Setting process to DPI aware
[2018.05.17-14.03.20:962][  0]LogSlate: New Slate User Created.  User Index 0, Is Virtual User: 0
[2018.05.17-14.03.20:962][  0]LogSlate: Slate User Registered.  User Index 0, Is Virtual User: 0
[2018.05.17-14.03.21:211][  0]LogD3D11RHI: D3D11 adapters:
[2018.05.17-14.03.21:240][  0]LogD3D11RHI:    0. 'NVIDIA GeForce GTX 980 Ti' (Feature Level 11_0)
[2018.05.17-14.03.21:240][  0]LogD3D11RHI:       6042/0/7907 MB DedicatedVideo/DedicatedSystem/SharedSystem, Outputs:1, VendorId:0x10de
[2018.05.17-14.03.21:240][  0]LogD3D11RHI: Chosen D3D11 Adapter: 0
[2018.05.17-14.03.21:245][  0]LogD3D11RHI: Creating new Direct3DDevice
[2018.05.17-14.03.21:245][  0]LogD3D11RHI:     GPU DeviceId: 0x17c8 (for the marketing name, search the web for "GPU Device Id")
[2018.05.17-14.03.21:245][  0]LogWindows: EnumDisplayDevices:
[2018.05.17-14.03.21:245][  0]LogWindows:    0. 'NVIDIA GeForce GTX 980 Ti' (P:1 D:1)
[2018.05.17-14.03.21:245][  0]LogWindows:    1. 'NVIDIA GeForce GTX 980 Ti' (P:0 D:0)
[2018.05.17-14.03.21:245][  0]LogWindows:    2. 'NVIDIA GeForce GTX 980 Ti' (P:0 D:0)
[2018.05.17-14.03.21:245][  0]LogWindows:    3. 'NVIDIA GeForce GTX 980 Ti' (P:0 D:0)
[2018.05.17-14.03.21:245][  0]LogWindows:    4. 'RDPDD Chained DD' (P:0 D:0)
[2018.05.17-14.03.21:245][  0]LogWindows:    5. 'RDP Encoder Mirror Driver' (P:0 D:0)
[2018.05.17-14.03.21:246][  0]LogWindows:    6. 'RDP Reflector Display Driver' (P:0 D:0)
[2018.05.17-14.03.21:246][  0]LogWindows: DebugString: GetVideoDriverDetailsInvalid PrimaryIsNotTheChoosenAdapter GetVideoDriverDetailsInvalid PrimaryIsNotTheChoosenAdapter GetVideoDriverDetailsInvalid PrimaryIsNotTheChoosenAdapter FoundDriverCount:4 
[2018.05.17-14.03.21:246][  0]LogD3D11RHI:     Adapter Name: NVIDIA GeForce GTX 980 Ti
[2018.05.17-14.03.21:246][  0]LogD3D11RHI:   Driver Version: 390.65 (internal:23.21.13.9065, unified:390.65)
[2018.05.17-14.03.21:246][  0]LogD3D11RHI:      Driver Date: 1-3-2018
[2018.05.17-14.03.21:246][  0]LogRHI: Texture pool is 4229 MB (70% of 6042 MB)
[2018.05.17-14.03.21:266][  0]LogD3D11RHI: [Aftermath] Aftermath enabled and primed
[2018.05.17-14.03.21:266][  0]LogD3D11RHI: [Aftermath] Aftermath enabled and primed
[2018.05.17-14.03.21:266][  0]LogD3D11RHI: Async texture creation enabled
[2018.05.17-14.03.21:294][  0]LogD3D11RHI: GPU Timing Frequency: 1000.000000 (Debug: 2 2)
[2018.05.17-14.03.21:338][  0]LogShaderCompilers: Guid format shader working directory is 8 characters bigger than the processId version (D:/New Festplatte/Projekte/EcoChampion/Intermediate/Shaders/WorkingDirectory/12688/).
[2018.05.17-14.03.21:338][  0]LogShaderCompilers: Cleaned the shader compiler working directory 'C:/Users/sinety/AppData/Local/Temp/UnrealShaderWorkingDir/DA0E816347E30F2C4EC49DB6B68C2D81/'.
[2018.05.17-14.03.21:542][  0]LogTemp: Display: Loaded TP AllDesktopTargetPlatform
[2018.05.17-14.03.21:554][  0]LogTemp: Display: Loaded TP MacClientTargetPlatform
[2018.05.17-14.03.21:566][  0]LogTemp: Display: Loaded TP MacNoEditorTargetPlatform
[2018.05.17-14.03.21:578][  0]LogTemp: Display: Loaded TP MacServerTargetPlatform
[2018.05.17-14.03.21:591][  0]LogTemp: Display: Loaded TP MacTargetPlatform
[2018.05.17-14.03.21:603][  0]LogTemp: Display: Loaded TP WindowsClientTargetPlatform
[2018.05.17-14.03.21:615][  0]LogTemp: Display: Loaded TP WindowsNoEditorTargetPlatform
[2018.05.17-14.03.21:627][  0]LogTemp: Display: Loaded TP WindowsServerTargetPlatform
[2018.05.17-14.03.21:633][  0]LogTemp: Display: Loaded TP WindowsTargetPlatform
[2018.05.17-14.03.21:645][  0]LogTemp: Display: Loaded TP Android_ASTCTargetPlatform
[2018.05.17-14.03.21:656][  0]LogTemp: Display: Loaded TP Android_ATCTargetPlatform
[2018.05.17-14.03.21:668][  0]LogTemp: Display: Loaded TP Android_DXTTargetPlatform
[2018.05.17-14.03.21:679][  0]LogTemp: Display: Loaded TP Android_ETC1aTargetPlatform
[2018.05.17-14.03.21:690][  0]LogTemp: Display: Loaded TP Android_ETC1TargetPlatform
[2018.05.17-14.03.21:702][  0]LogTemp: Display: Loaded TP Android_ETC2TargetPlatform
[2018.05.17-14.03.21:725][  0]LogTemp: Display: Loaded TP Android_MultiTargetPlatform
[2018.05.17-14.03.21:725][  0]LogTemp: Display: Loaded TP Android_PVRTCTargetPlatform
[2018.05.17-14.03.21:737][  0]LogTemp: Display: Loaded TP AndroidTargetPlatform
[2018.05.17-14.03.21:739][  0]LogTemp: Display: Loaded TP HTML5TargetPlatform
[2018.05.17-14.03.21:777][  0]LogTemp: Display: Loaded TP IOSTargetPlatform
[2018.05.17-14.03.21:788][  0]LogTemp: Display: Loaded TP TVOSTargetPlatform
[2018.05.17-14.03.21:798][  0]LogTemp: Display: Loaded TP LinuxClientTargetPlatform
[2018.05.17-14.03.21:809][  0]LogTemp: Display: Loaded TP LinuxNoEditorTargetPlatform
[2018.05.17-14.03.21:820][  0]LogTemp: Display: Loaded TP LinuxServerTargetPlatform
[2018.05.17-14.03.21:832][  0]LogTemp: Display: Loaded TP LinuxTargetPlatform
[2018.05.17-14.03.21:832][  0]LogTargetPlatformManager: Display: Building Assets For Windows
[2018.05.17-14.03.21:949][  0]LogXGEController: Cleaning working directory: C:/Users/sinety/AppData/Local/Temp/UnrealXGEWorkingDir/
[2018.05.17-14.03.21:949][  0]LogXGEController: Cannot use XGE Controller as Incredibuild is not installed on this machine.
[2018.05.17-14.03.21:949][  0]LogShaderCompilers: Cannot use XGE Shader Compiler as Incredibuild is not installed on this machine.
[2018.05.17-14.03.21:950][  0]LogShaderCompilers: Display: Using Local Shader Compiler.
[2018.05.17-14.03.22:683][  0]LogDerivedDataCache: Display: Max Cache Size: 512 MB
[2018.05.17-14.03.22:904][  0]LogDerivedDataCache: Loaded boot cache 0.22s 74MB C:/Users/sinety/AppData/Local/UnrealEngine/4.19/DerivedDataCache/Boot.ddc.
[2018.05.17-14.03.22:904][  0]LogDerivedDataCache: Display: Loaded Boot cache: C:/Users/sinety/AppData/Local/UnrealEngine/4.19/DerivedDataCache/Boot.ddc
[2018.05.17-14.03.22:904][  0]LogDerivedDataCache: FDerivedDataBackendGraph:  Pak pak cache file D:/New Festplatte/Projekte/EcoChampion/DerivedDataCache/DDC.ddp not found, will not use a pak cache.
[2018.05.17-14.03.22:904][  0]LogDerivedDataCache: Unable to find inner node Pak for hierarchical cache Hierarchy.
[2018.05.17-14.03.22:904][  0]LogDerivedDataCache: FDerivedDataBackendGraph:  CompressedPak pak cache file D:/New Festplatte/Projekte/EcoChampion/DerivedDataCache/Compressed.ddp not found, will not use a pak cache.
[2018.05.17-14.03.22:904][  0]LogDerivedDataCache: Unable to find inner node CompressedPak for hierarchical cache Hierarchy.
[2018.05.17-14.03.22:926][  0]LogDerivedDataCache: Display: Pak cache opened for reading ../../../Engine/DerivedDataCache/Compressed.ddp.
[2018.05.17-14.03.22:938][  0]LogDerivedDataCache: Using Local data cache path C:/Users/sinety/AppData/Local/UnrealEngine/Common/DerivedDataCache: Writable
[2018.05.17-14.03.22:938][  0]LogDerivedDataCache: Shared data cache path not found in *engine.ini, will not use an Shared cache.
[2018.05.17-14.03.22:938][  0]LogDerivedDataCache: Unable to find inner node Shared for hierarchical cache Hierarchy.
[2018.05.17-14.03.22:950][  0]LogMaterial: Verifying Global Shaders for PCD3D_SM5
[2018.05.17-14.03.22:954][  0]LogSlate: Using Freetype 2.6.0
[2018.05.17-14.03.22:957][  0]LogSlate: SlateFontCache - WITH_FREETYPE: 1, WITH_HARFBUZZ: 1
[2018.05.17-14.03.22:957][  0]LogSlate: SlateFontCache - WITH_FREETYPE: 1, WITH_HARFBUZZ: 1
[2018.05.17-14.03.23:215][  0]LogAssetRegistry: FAssetRegistry took 0.0255 seconds to start up
[2018.05.17-14.03.23:555][  0]LogInit: Selected Device Profile: [Windows]
[2018.05.17-14.03.23:763][  0]LogSimplygon: Simplygon DLL not present - disabling.
[2018.05.17-14.03.23:767][  0]LogMeshReduction: Using SimplygonSwarm for distributed automatic mesh merging
[2018.05.17-14.03.23:768][  0]LogMeshReduction: Using QuadricMeshReduction for automatic static mesh reduction
[2018.05.17-14.03.23:768][  0]LogMeshReduction: No automatic skeletal mesh reduction module available
[2018.05.17-14.03.23:768][  0]LogMeshReduction: No automatic mesh merging module available
[2018.05.17-14.03.23:768][  0]LogMeshMerging: No automatic mesh merging module available
[2018.05.17-14.03.23:810][  0]LogNetVersion: EcoChampion , NetCL: 3944462, EngineNetVer: 2, GameNetVer: 0 (Checksum: 466303179)
[2018.05.17-14.03.24:355][  0]LogPackageLocalizationCache: Processed 9 localized package path(s) for 1 prioritized culture(s) in 0.019042 seconds
[2018.05.17-14.03.24:361][  0]LogUObjectArray: 36728 objects as part of root set at end of initial load.
[2018.05.17-14.03.24:361][  0]LogUObjectAllocator: 7314312 out of 0 bytes used by permanent object pool.
[2018.05.17-14.03.24:361][  0]LogUObjectArray: CloseDisregardForGC: 0/0 objects in disregard for GC pool
[2018.05.17-14.03.26:464][  0]LogTcpMessaging: Initializing TcpMessaging bridge
[2018.05.17-14.03.26:487][  0]LogUdpMessaging: Initializing bridge on interface 0.0.0.0:0 to multicast group 230.0.0.1:6666.
[2018.05.17-14.03.26:758][  0]SourceControl: Source control is disabled
[2018.05.17-14.03.26:758][  0]SourceControl: Source control is disabled
[2018.05.17-14.03.26:774][  0]SourceControl: Source control is disabled
[2018.05.17-14.03.26:785][  0]SourceControl: Source control is disabled
[2018.05.17-14.03.27:140][  0]LogAndroidPermission: UAndroidPermissionCallbackProxy::GetInstance
[2018.05.17-14.03.27:275][  0]LogOcInput: OculusInput pre-init called
[2018.05.17-14.03.27:377][  0]LogEngine: Initializing Engine...
[2018.05.17-14.03.27:379][  0]LogHMD: Failed to initialize OpenVR with code 110
[2018.05.17-14.03.27:381][  0]LogStats: UGameplayTagsManager::ConstructGameplayTagTree: Construct from data asset -  0.000 s
[2018.05.17-14.03.27:381][  0]LogStats: UGameplayTagsManager::ConstructGameplayTagTree: GameplayTagTreeChangedEvent.Broadcast -  0.000 s
[2018.05.17-14.03.27:644][  0]LogAIModule: Creating AISystem for world Untitled
[2018.05.17-14.03.27:668][  0]LogInit: XAudio2 using 'Analog (1-8) (RME Hammerfall DSP)' : 6 channels at 44.1 kHz using 32 bits per sample (channel mask 0x3f)
[2018.05.17-14.03.27:680][  0]LogInit: FAudioDevice initialized.
[2018.05.17-14.03.27:749][  0]LogDerivedDataCache: Saved boot cache 0.07s 74MB C:/Users/sinety/AppData/Local/UnrealEngine/4.19/DerivedDataCache/Boot.ddc.
[2018.05.17-14.03.27:760][  0]LogInit: Texture streaming: Enabled
[2018.05.17-14.03.27:783][  0]LogEngineSessionManager: EngineSessionManager initialized
[2018.05.17-14.03.27:841][  0]LogInit: Transaction tracking system initialized
[2018.05.17-14.03.27:886][  0]BlueprintLog: New page: Editor Load
[2018.05.17-14.03.28:027][  0]LocalizationService: Localization service is disabled
[2018.05.17-14.03.28:142][  0]LogConsoleResponse: Display: 
[2018.05.17-14.03.28:360][  0]LogFileCache: Scanning file cache for directory 'D:/New Festplatte/Projekte/EcoChampion/Content/' took 0.01s
[2018.05.17-14.03.28:360][  0]LogCook: Display: Max memory allowance for cook 16384mb min free memory 0mb
[2018.05.17-14.03.28:360][  0]LogCook: Display: Mobile HDR setting 1
[2018.05.17-14.03.28:360][  0]LogGameplayTags: Display: UGameplayTagsManager::DoneAddingNativeTags. DelegateIsBound: 0
[2018.05.17-14.03.28:360][  0]LogStats: UGameplayTagsManager::ConstructGameplayTagTree: Construct from data asset -  0.000 s
[2018.05.17-14.03.28:360][  0]LogStats: UGameplayTagsManager::ConstructGameplayTagTree: GameplayTagTreeChangedEvent.Broadcast -  0.000 s
[2018.05.17-14.03.28:779][  0]SourceControl: Source control is disabled
[2018.05.17-14.03.28:783][  0]Cmd: MAP LOAD FILE="D:/New Festplatte/Projekte/EcoChampion/Content/MainLevel.umap" TEMPLATE=0 SHOWPROGRESS=1 FEATURELEVEL=3
[2018.05.17-14.03.28:792][  0]LightingResults: New page: Lighting Build
[2018.05.17-14.03.28:802][  0]MapCheck: New page: Map Check
[2018.05.17-14.03.28:802][  0]LightingResults: New page: Lighting Build
[2018.05.17-14.03.28:857][  0]LogAIModule: Creating AISystem for world MainLevel
[2018.05.17-14.03.28:862][  0]LogEditorServer: Finished looking for orphan Actors (0.000 secs)
[2018.05.17-14.03.28:876][  0]Cmd: MAP CHECKDEP NOCLEARLOG
[2018.05.17-14.03.28:905][  0]MapCheck: Map check complete: 0 Error(s), 0 Warning(s), took 29,087ms to complete.
[2018.05.17-14.03.28:905][  0]LogFileHelpers: Loading map 'MainLevel' took 0.124
[2018.05.17-14.03.29:086][  0]LogCollectionManager: Loaded 0 collections in 0.001434 seconds
[2018.05.17-14.03.29:136][  0]LogFileCache: Scanning file cache for directory 'D:/New Festplatte/Projekte/EcoChampion/Saved/Collections/' took 0.01s
[2018.05.17-14.03.29:136][  0]LogFileCache: Scanning file cache for directory 'D:/New Festplatte/Projekte/EcoChampion/Content/Developers/sinety/Collections/' took 0.01s
[2018.05.17-14.03.29:136][  0]LogFileCache: Scanning file cache for directory 'D:/New Festplatte/Projekte/EcoChampion/Content/Collections/' took 0.01s
[2018.05.17-14.03.29:136][  0]LogCollectionManager: Rebuilt the GUID cache for 0 collections in 0.000000 seconds
[2018.05.17-14.03.29:144][  0]LogContentBrowser: Native class hierarchy populated in 0.0079 seconds. Added 2453 classes and 560 folders.
[2018.05.17-14.03.29:154][  0]LogContentBrowser: Native class hierarchy updated for 'WidgetCarousel' in 0.0002 seconds. Added 0 classes and 0 folders.
[2018.05.17-14.03.29:259][  0]LogContentBrowser: Native class hierarchy updated for 'AddContentDialog' in 0.0002 seconds. Added 0 classes and 0 folders.
[2018.05.17-14.03.29:431][  0]LogContentBrowser: Native class hierarchy updated for 'HierarchicalLODOutliner' in 0.0002 seconds. Added 0 classes and 0 folders.
[2018.05.17-14.03.29:431][  0]LogLoad: (Engine Initialization) Total time: 12.30 seconds
[2018.05.17-14.03.29:431][  0]LogLoad: (Engine Initialization) Total Blueprint compile time: 0.00 seconds
[2018.05.17-14.03.29:791][  0]LogContentStreaming: Texture pool size now 1000 MB
[2018.05.17-14.03.29:795][  0]LogSlate: Took 0.000859 seconds to synchronously load lazily loaded font '../../../Engine/Content/Slate/Fonts/Roboto-Regular.ttf' (155K)
[2018.05.17-14.03.29:799][  0]LogSlate: Took 0.000889 seconds to synchronously load lazily loaded font '../../../Engine/Content/Slate/Fonts/Roboto-Bold.ttf' (160K)
[2018.05.17-14.03.29:804][  0]LogSlate: Took 0.001500 seconds to synchronously load lazily loaded font '../../../Engine/Content/Editor/Slate/Fonts/FontAwesome.ttf' (139K)
[2018.05.17-14.03.29:920][  0]LogRenderer: Reallocating scene render targets to support 772x284 Format 10 NumSamples 1 (Frame:1).
[2018.05.17-14.03.30:119][  1]LogAssetRegistry: Asset discovery search completed in 6.9247 seconds
[2018.05.17-14.03.30:122][  1]LogCollectionManager: Rebuilt the object cache for 0 collections in 0.000000 seconds (found 0 objects)
[2018.05.17-14.03.30:122][  1]LogCollectionManager: Fixed up redirectors for 0 collections in 0.000064 seconds (updated 0 objects)
[2018.05.17-14.03.31:549][ 44]LogRenderer: Reallocating scene render targets to support 1552x620 Format 10 NumSamples 1 (Frame:3).
[2018.05.17-14.03.48:636][ 36]LogSlate: FSceneViewport::OnFocusLost() reason 0
[2018.05.17-14.03.51:644][395]LogSlate: Took 0.002331 seconds to synchronously load lazily loaded font '../../../Engine/Content/Slate/Fonts/Roboto-Light.ttf' (167K)
[2018.05.17-14.03.51:706][395]LogUObjectGlobals: Created PersistentFrame Addr=0x0000000058b256b8, Size=8, Default__BP_PickUpCollect_C Function /Game/MiniGame01/Blueprints/BP_PickUpCollect.BP_PickUpCollect_C:ExecuteUbergraph_BP_PickUpCollect
[2018.05.17-14.03.51:707][395]LogUObjectGlobals: Destroyed PersistentFrame Addr=0x0000000058b256b8, Size=8
[2018.05.17-14.03.51:707][395]LogUObjectGlobals: Created PersistentFrame Addr=0x0000000058b256b8, Size=8, Default__BP_PickUpCollect_C Function /Engine/Transient.REINST_BP_PickUpCollect_C_3:ExecuteUbergraph_BP_PickUpCollect
[2018.05.17-14.03.51:709][395]LogUObjectGlobals: Created PersistentFrame Addr=0x0000000058b25508, Size=8, Default__BP_PickUpCollect_C Function /Game/MiniGame01/Blueprints/BP_PickUpCollect.BP_PickUpCollect_C:ExecuteUbergraph_BP_PickUpCollect
[2018.05.17-14.03.51:736][395]LogUObjectGlobals: Created PersistentFrame Addr=0x0000000058b25590, Size=8, Default__BP_PickUpCollect_Metal_C Function /Game/MiniGame01/Blueprints/BP_PickUpCollect.BP_PickUpCollect_C:ExecuteUbergraph_BP_PickUpCollect
[2018.05.17-14.03.51:738][395]LogUObjectGlobals: Destroyed PersistentFrame Addr=0x0000000058b25590, Size=8
[2018.05.17-14.03.51:738][395]LogUObjectGlobals: Created PersistentFrame Addr=0x0000000058b25590, Size=8, Default__BP_PickUpCollect_Metal_C Function /Game/MiniGame01/Blueprints/BP_PickUpCollect.BP_PickUpCollect_C:ExecuteUbergraph_BP_PickUpCollect
[2018.05.17-14.03.51:739][395]LogUObjectGlobals: Created PersistentFrame Addr=0x0000000058b269e8, Size=8, Default__BP_PickUpCollect_Metal_C Function /Game/MiniGame01/Blueprints/BP_PickUpCollect.BP_PickUpCollect_C:ExecuteUbergraph_BP_PickUpCollect
[2018.05.17-14.03.51:768][395]LogUObjectGlobals: Created PersistentFrame Addr=0x0000000058b24ad0, Size=8, Default__BP_PickUpCollect_Paper_C Function /Game/MiniGame01/Blueprints/BP_PickUpCollect.BP_PickUpCollect_C:ExecuteUbergraph_BP_PickUpCollect
[2018.05.17-14.03.51:769][395]LogUObjectGlobals: Destroyed PersistentFrame Addr=0x0000000058b24ad0, Size=8
[2018.05.17-14.03.51:769][395]LogUObjectGlobals: Created PersistentFrame Addr=0x0000000058b24ad0, Size=8, Default__BP_PickUpCollect_Paper_C Function /Game/MiniGame01/Blueprints/BP_PickUpCollect.BP_PickUpCollect_C:ExecuteUbergraph_BP_PickUpCollect
[2018.05.17-14.03.51:770][395]LogUObjectGlobals: Created PersistentFrame Addr=0x0000000058b241d0, Size=8, Default__BP_PickUpCollect_Paper_C Function /Game/MiniGame01/Blueprints/BP_PickUpCollect.BP_PickUpCollect_C:ExecuteUbergraph_BP_PickUpCollect
[2018.05.17-14.03.51:794][395]LogUObjectGlobals: Created PersistentFrame Addr=0x0000000058b24700, Size=8, Default__BP_PickUpCollect_Plastic_C Function /Game/MiniGame01/Blueprints/BP_PickUpCollect.BP_PickUpCollect_C:ExecuteUbergraph_BP_PickUpCollect
[2018.05.17-14.03.51:796][395]LogUObjectGlobals: Destroyed PersistentFrame Addr=0x0000000058b24700, Size=8
[2018.05.17-14.03.51:796][395]LogUObjectGlobals: Created PersistentFrame Addr=0x0000000058b24700, Size=8, Default__BP_PickUpCollect_Plastic_C Function /Game/MiniGame01/Blueprints/BP_PickUpCollect.BP_PickUpCollect_C:ExecuteUbergraph_BP_PickUpCollect
[2018.05.17-14.03.51:797][395]LogUObjectGlobals: Created PersistentFrame Addr=0x0000000058b246d0, Size=8, Default__BP_PickUpCollect_Plastic_C Function /Game/MiniGame01/Blueprints/BP_PickUpCollect.BP_PickUpCollect_C:ExecuteUbergraph_BP_PickUpCollect
[2018.05.17-14.03.51:848][395]LogUObjectGlobals: Created PersistentFrame Addr=0x0000000031e23200, Size=1096, Default__C_MiniGame01_C Function /Game/MiniGame01/Blueprints/C_MiniGame01.C_MiniGame01_C:ExecuteUbergraph_C_MiniGame01
[2018.05.17-14.03.51:893][395]LogUObjectGlobals: Destroyed PersistentFrame Addr=0x0000000031e23200, Size=1096
[2018.05.17-14.03.51:893][395]LogUObjectGlobals: Created PersistentFrame Addr=0x0000000037caa400, Size=1096, Default__C_MiniGame01_C Function /Engine/Transient.REINST_C_MiniGame01_C_11:ExecuteUbergraph_C_MiniGame01
[2018.05.17-14.03.51:934][395]LogUObjectGlobals: Created PersistentFrame Addr=0x0000000038604100, Size=1096, Default__C_MiniGame01_C Function /Game/MiniGame01/Blueprints/C_MiniGame01.C_MiniGame01_C:ExecuteUbergraph_C_MiniGame01
[2018.05.17-14.03.51:940][395]LogUObjectGlobals: Created PersistentFrame Addr=0x00000000628ca5b0, Size=16, Default__BP_Obstacle_C Function /Game/MiniGame01/Blueprints/BP_Obstacle.BP_Obstacle_C:ExecuteUbergraph_BP_Obstacle
[2018.05.17-14.03.51:942][395]LogUObjectGlobals: Destroyed PersistentFrame Addr=0x00000000628ca5b0, Size=16
[2018.05.17-14.03.51:942][395]LogUObjectGlobals: Created PersistentFrame Addr=0x00000000628ca5b0, Size=16, Default__BP_Obstacle_C Function /Engine/Transient.REINST_BP_Obstacle_C_13:ExecuteUbergraph_BP_Obstacle
[2018.05.17-14.03.51:943][395]LogUObjectGlobals: Created PersistentFrame Addr=0x00000000628ca5a0, Size=16, Default__BP_Obstacle_C Function /Game/MiniGame01/Blueprints/BP_Obstacle.BP_Obstacle_C:ExecuteUbergraph_BP_Obstacle
[2018.05.17-14.03.51:968][395]LogUObjectGlobals: Created PersistentFrame Addr=0x0000000062895600, Size=216, Default__BP_Obstacle_Tree_C Function /Game/MiniGame01/Blueprints/BP_Obstacle_Tree.BP_Obstacle_Tree_C:ExecuteUbergraph_BP_Obstacle_Tree
[2018.05.17-14.03.51:968][395]LogUObjectGlobals: Created PersistentFrame Addr=0x00000000628cb580, Size=16, Default__BP_Obstacle_Tree_C Function /Game/MiniGame01/Blueprints/BP_Obstacle.BP_Obstacle_C:ExecuteUbergraph_BP_Obstacle
[2018.05.17-14.03.51:979][395]LogUObjectGlobals: Destroyed PersistentFrame Addr=0x0000000062895600, Size=216
[2018.05.17-14.03.51:979][395]LogUObjectGlobals: Destroyed PersistentFrame Addr=0x00000000628cb580, Size=16
[2018.05.17-14.03.51:979][395]LogUObjectGlobals: Created PersistentFrame Addr=0x0000000038615980, Size=216, Default__BP_Obstacle_Tree_C Function /Engine/Transient.REINST_BP_Obstacle_Tree_C_15:ExecuteUbergraph_BP_Obstacle_Tree
[2018.05.17-14.03.51:979][395]LogUObjectGlobals: Created PersistentFrame Addr=0x00000000628cb580, Size=16, Default__BP_Obstacle_Tree_C Function /Game/MiniGame01/Blueprints/BP_Obstacle.BP_Obstacle_C:ExecuteUbergraph_BP_Obstacle
[2018.05.17-14.03.51:987][395]LogUObjectGlobals: Created PersistentFrame Addr=0x00000000322498a0, Size=216, Default__BP_Obstacle_Tree_C Function /Game/MiniGame01/Blueprints/BP_Obstacle_Tree.BP_Obstacle_Tree_C:ExecuteUbergraph_BP_Obstacle_Tree
[2018.05.17-14.03.51:987][395]LogUObjectGlobals: Created PersistentFrame Addr=0x00000000628cab40, Size=16, Default__BP_Obstacle_Tree_C Function /Game/MiniGame01/Blueprints/BP_Obstacle.BP_Obstacle_C:ExecuteUbergraph_BP_Obstacle
[2018.05.17-14.03.52:049][395]LogUObjectGlobals: Created PersistentFrame Addr=0x0000000038581600, Size=1264, Default__BP_PickUp_C Function /Game/MiniGame01/Blueprints/BP_PickUp.BP_PickUp_C:ExecuteUbergraph_BP_PickUp
[2018.05.17-14.03.52:057][395]LogUObjectGlobals: Destroyed PersistentFrame Addr=0x0000000038581600, Size=1264
[2018.05.17-14.03.52:057][395]LogUObjectGlobals: Created PersistentFrame Addr=0x0000000031e0dd00, Size=1264, Default__BP_PickUp_C Function /Engine/Transient.REINST_BP_PickUp_C_17:ExecuteUbergraph_BP_PickUp
[2018.05.17-14.03.52:063][395]LogUObjectGlobals: Created PersistentFrame Addr=0x0000000038517200, Size=1264, Default__BP_PickUp_C Function /Game/MiniGame01/Blueprints/BP_PickUp.BP_PickUp_C:ExecuteUbergraph_BP_PickUp
[2018.05.17-14.03.52:068][395]LogUObjectGlobals: Created PersistentFrame Addr=0x00000000629422f0, Size=80, Default__BP_PickUp_Metal_C Function /Game/MiniGame01/Blueprints/BP_PickUp_Metal.BP_PickUp_Metal_C:ExecuteUbergraph_BP_PickUp_Metal
[2018.05.17-14.03.52:068][395]LogUObjectGlobals: Created PersistentFrame Addr=0x0000000038581600, Size=1264, Default__BP_PickUp_Metal_C Function /Game/MiniGame01/Blueprints/BP_PickUp.BP_PickUp_C:ExecuteUbergraph_BP_PickUp
[2018.05.17-14.03.52:072][395]LogUObjectGlobals: Destroyed PersistentFrame Addr=0x00000000629422f0, Size=80
[2018.05.17-14.03.52:072][395]LogUObjectGlobals: Destroyed PersistentFrame Addr=0x0000000038581600, Size=1264
[2018.05.17-14.03.52:072][395]LogUObjectGlobals: Created PersistentFrame Addr=0x0000000062908a40, Size=80, Default__BP_PickUp_Metal_C Function /Engine/Transient.REINST_BP_PickUp_Metal_C_19:ExecuteUbergraph_BP_PickUp_Metal
[2018.05.17-14.03.52:072][395]LogUObjectGlobals: Created PersistentFrame Addr=0x000000003850a400, Size=1264, Default__BP_PickUp_Metal_C Function /Game/MiniGame01/Blueprints/BP_PickUp.BP_PickUp_C:ExecuteUbergraph_BP_PickUp
[2018.05.17-14.03.52:074][395]LogUObjectGlobals: Created PersistentFrame Addr=0x000000006290aa70, Size=80, Default__BP_PickUp_Metal_C Function /Game/MiniGame01/Blueprints/BP_PickUp_Metal.BP_PickUp_Metal_C:ExecuteUbergraph_BP_PickUp_Metal
[2018.05.17-14.03.52:074][395]LogUObjectGlobals: Created PersistentFrame Addr=0x0000000038508100, Size=1264, Default__BP_PickUp_Metal_C Function /Game/MiniGame01/Blueprints/BP_PickUp.BP_PickUp_C:ExecuteUbergraph_BP_PickUp
[2018.05.17-14.03.52:078][395]LogUObjectGlobals: Created PersistentFrame Addr=0x0000000062909300, Size=80, Default__BP_PickUp_Paper_C Function /Game/MiniGame01/Blueprints/BP_PickUp_Paper.BP_PickUp_Paper_C:ExecuteUbergraph_BP_PickUp_Paper
[2018.05.17-14.03.52:078][395]LogUObjectGlobals: Created PersistentFrame Addr=0x00000000384f4f00, Size=1264, Default__BP_PickUp_Paper_C Function /Game/MiniGame01/Blueprints/BP_PickUp.BP_PickUp_C:ExecuteUbergraph_BP_PickUp
[2018.05.17-14.03.52:080][395]LogUObjectGlobals: Destroyed PersistentFrame Addr=0x0000000062909300, Size=80
[2018.05.17-14.03.52:080][395]LogUObjectGlobals: Destroyed PersistentFrame Addr=0x00000000384f4f00, Size=1264
[2018.05.17-14.03.52:080][395]LogUObjectGlobals: Created PersistentFrame Addr=0x0000000037ca1a30, Size=80, Default__BP_PickUp_Paper_C Function /Engine/Transient.REINST_BP_PickUp_Paper_C_21:ExecuteUbergraph_BP_PickUp_Paper
[2018.05.17-14.03.52:080][395]LogUObjectGlobals: Created PersistentFrame Addr=0x00000000384edd00, Size=1264, Default__BP_PickUp_Paper_C Function /Game/MiniGame01/Blueprints/BP_PickUp.BP_PickUp_C:ExecuteUbergraph_BP_PickUp
[2018.05.17-14.03.52:082][395]LogUObjectGlobals: Created PersistentFrame Addr=0x0000000062979030, Size=80, Default__BP_PickUp_Paper_C Function /Game/MiniGame01/Blueprints/BP_PickUp_Paper.BP_PickUp_Paper_C:ExecuteUbergraph_BP_PickUp_Paper
[2018.05.17-14.03.52:082][395]LogUObjectGlobals: Created PersistentFrame Addr=0x00000000384ec100, Size=1264, Default__BP_PickUp_Paper_C Function /Game/MiniGame01/Blueprints/BP_PickUp.BP_PickUp_C:ExecuteUbergraph_BP_PickUp
[2018.05.17-14.03.52:087][395]LogUObjectGlobals: Created PersistentFrame Addr=0x00000000629788b0, Size=80, Default__BP_PickUp_Plastic_C Function /Game/MiniGame01/Blueprints/BP_PickUp_Plastic.BP_PickUp_Plastic_C:ExecuteUbergraph_BP_PickUp_Plastic
[2018.05.17-14.03.52:087][395]LogUObjectGlobals: Created PersistentFrame Addr=0x00000000384d5600, Size=1264, Default__BP_PickUp_Plastic_C Function /Game/MiniGame01/Blueprints/BP_PickUp.BP_PickUp_C:ExecuteUbergraph_BP_PickUp
[2018.05.17-14.03.52:089][395]LogUObjectGlobals: Destroyed PersistentFrame Addr=0x00000000629788b0, Size=80
[2018.05.17-14.03.52:089][395]LogUObjectGlobals: Destroyed PersistentFrame Addr=0x00000000384d5600, Size=1264
[2018.05.17-14.03.52:089][395]LogUObjectGlobals: Created PersistentFrame Addr=0x00000000629788b0, Size=80, Default__BP_PickUp_Plastic_C Function /Engine/Transient.REINST_BP_PickUp_Plastic_C_23:ExecuteUbergraph_BP_PickUp_Plastic
[2018.05.17-14.03.52:089][395]LogUObjectGlobals: Created PersistentFrame Addr=0x00000000384d2b00, Size=1264, Default__BP_PickUp_Plastic_C Function /Game/MiniGame01/Blueprints/BP_PickUp.BP_PickUp_C:ExecuteUbergraph_BP_PickUp
[2018.05.17-14.03.52:090][395]LogUObjectGlobals: Created PersistentFrame Addr=0x0000000031e00fe0, Size=80, Default__BP_PickUp_Plastic_C Function /Game/MiniGame01/Blueprints/BP_PickUp_Plastic.BP_PickUp_Plastic_C:ExecuteUbergraph_BP_PickUp_Plastic
[2018.05.17-14.03.52:090][395]LogUObjectGlobals: Created PersistentFrame Addr=0x00000000384d0f00, Size=1264, Default__BP_PickUp_Plastic_C Function /Game/MiniGame01/Blueprints/BP_PickUp.BP_PickUp_C:ExecuteUbergraph_BP_PickUp
[2018.05.17-14.03.52:108][395]LogUObjectGlobals: Created PersistentFrame Addr=0x00000000384a7658, Size=24, Default__GM_MiniGame01_C Function /Game/MiniGame01/Blueprints/GM_MiniGame01.GM_MiniGame01_C:ExecuteUbergraph_GM_MiniGame01
[2018.05.17-14.03.52:109][395]LogUObjectGlobals: Created PersistentFrame Addr=0x00000000386e6a00, Size=16, Default__HUD_MiniGame01_C Function /Game/MiniGame01/Blueprints/HUD_MiniGame01.HUD_MiniGame01_C:ExecuteUbergraph_HUD_MiniGame01
[2018.05.17-14.03.52:111][395]LogUObjectGlobals: Created PersistentFrame Addr=0x00000000384ca240, Size=416, Default__WidgetHUD_MiniGame01_C Function /Game/MiniGame01/Blueprints/WidgetHUD_MiniGame01.WidgetHUD_MiniGame01_C:ExecuteUbergraph_WidgetHUD_MiniGame01
[2018.05.17-14.03.52:158][395]LogUObjectGlobals: Destroyed PersistentFrame Addr=0x00000000386e6a00, Size=16
[2018.05.17-14.03.52:158][395]LogUObjectGlobals: Created PersistentFrame Addr=0x000000003843a480, Size=16, Default__HUD_MiniGame01_C Function /Engine/Transient.REINST_HUD_MiniGame01_C_25:ExecuteUbergraph_HUD_MiniGame01
[2018.05.17-14.03.52:159][395]LogUObjectGlobals: Destroyed PersistentFrame Addr=0x00000000384a7658, Size=24
[2018.05.17-14.03.52:159][395]LogUObjectGlobals: Created PersistentFrame Addr=0x00000000384a63e0, Size=24, Default__GM_MiniGame01_C Function /Engine/Transient.REINST_GM_MiniGame01_C_26:ExecuteUbergraph_GM_MiniGame01
[2018.05.17-14.03.52:159][395]LogUObjectGlobals: Destroyed PersistentFrame Addr=0x00000000384ca240, Size=416
[2018.05.17-14.03.52:160][395]LogUObjectGlobals: Created PersistentFrame Addr=0x00000000384ca240, Size=416, Default__WidgetHUD_MiniGame01_C Function /Engine/Transient.REINST_WidgetHUD_MiniGame01_C_0:ExecuteUbergraph_WidgetHUD_MiniGame01
[2018.05.17-14.03.52:177][395]LogUObjectGlobals: Created PersistentFrame Addr=0x000000005d1fb990, Size=16, Default__HUD_MiniGame01_C Function /Game/MiniGame01/Blueprints/HUD_MiniGame01.HUD_MiniGame01_C:ExecuteUbergraph_HUD_MiniGame01
[2018.05.17-14.03.52:177][395]LogUObjectGlobals: Created PersistentFrame Addr=0x00000000384a4f40, Size=24, Default__GM_MiniGame01_C Function /Game/MiniGame01/Blueprints/GM_MiniGame01.GM_MiniGame01_C:ExecuteUbergraph_GM_MiniGame01
[2018.05.17-14.03.52:182][395]LogUObjectGlobals: Created PersistentFrame Addr=0x000000005d2865c0, Size=416, Default__WidgetHUD_MiniGame01_C Function /Game/MiniGame01/Blueprints/WidgetHUD_MiniGame01.WidgetHUD_MiniGame01_C:ExecuteUbergraph_WidgetHUD_MiniGame01
[2018.05.17-14.03.52:386][395]LogUObjectGlobals: Created PersistentFrame Addr=0x000000005d318e00, Size=568, Default__MiniGame01_C Function /Game/MiniGame01/MiniGame01.MiniGame01_C:ExecuteUbergraph_MiniGame01
[2018.05.17-14.03.52:404][395]LogUObjectGlobals: Destroyed PersistentFrame Addr=0x000000005d318e00, Size=568
[2018.05.17-14.03.52:404][395]LogUObjectGlobals: Created PersistentFrame Addr=0x000000005d318e00, Size=568, Default__MiniGame01_C Function /Engine/Transient.REINST_MiniGame01_C_30:ExecuteUbergraph_MiniGame01
[2018.05.17-14.03.52:421][395]LogUObjectGlobals: Created PersistentFrame Addr=0x0000000039653100, Size=568, Default__MiniGame01_C Function /Game/MiniGame01/MiniGame01.MiniGame01_C:ExecuteUbergraph_MiniGame01
[2018.05.17-14.03.53:238][395]LogTexture: Display: Building textures: T_Charversion2 (AutoDXT, 1000X1000)
[2018.05.17-14.03.53:238][395]LogTexture: Display: Building textures: T_Plastic (AutoDXT, 500X500)
[2018.05.17-14.03.53:238][395]LogTexture: Display: Building textures: T_Metal (AutoDXT, 500X500)
[2018.05.17-14.03.53:238][395]LogTexture: Display: Building textures: T_Erde01 (BGRA8, 264X226)
[2018.05.17-14.03.53:238][395]LogTexture: Display: Building textures: T_BasicBackground (AutoDXT, 1920X1200)
[2018.05.17-14.03.53:238][395]LogTexture: Display: Building textures: T_Paper (AutoDXT, 500X500)
[2018.05.17-14.03.53:238][395]LogTexture: Display: Building textures: T_FactoryFragment (BGRA8, 97X1200)
[2018.05.17-14.03.53:238][395]LogTexture: Display: Building textures: T_Erde02 (AutoDXT, 260X224)
[2018.05.17-14.03.53:238][395]LogTexture: Display: Building textures: T_BackgroundMiddle (AutoDXT, 1920X1200)
[2018.05.17-14.03.53:238][395]LogTexture: Display: Building textures: T_Kirschbluetenbaum (BGRA8, 603X660)
[2018.05.17-14.03.53:238][395]LogTexture: Display: Building textures: T_Grasreihe02 (BGRA8, 253X1015)
[2018.05.17-14.03.53:238][395]LogTexture: Display: Building textures: T_Grasreihe01 (BGRA8, 504X1018)
[2018.05.17-14.03.53:238][395]LogTexture: Display: Building textures: T_BackgroundStart (AutoDXT, 1920X1200)
[2018.05.17-14.03.53:238][395]LogTexture: Display: Building textures: T_BackgroundStart02 (AutoDXT, 1920X1200)
[2018.05.17-14.03.53:337][395]LogStaticMesh: Building static mesh Sh_Plane...
[2018.05.17-14.03.53:338][395]LogStaticMesh: Built static mesh [0.00s] /Game/Shapes/Sh_Plane.Sh_Plane
[2018.05.17-14.03.53:513][395]LogMaterial: Missing cached shader map for material M_Metal, compiling. 
[2018.05.17-14.03.53:617][395]LogShaderCompilers: Display: Shaders left to compile 31
[2018.05.17-14.03.53:617][395]LogShaderCompilers: Display: Shaders left to compile 21
[2018.05.17-14.03.53:617][395]LogShaderCompilers: Display: Shaders left to compile 11
[2018.05.17-14.03.53:617][395]LogShaderCompilers: Display: Shaders left to compile 1
[2018.05.17-14.03.53:617][395]LogMaterial: Missing cached shader map for material M_Paper, compiling. 
[2018.05.17-14.03.53:644][395]LogMaterial: Missing cached shader map for material M_Plastic, compiling. 
[2018.05.17-14.03.53:759][395]LogAIModule: Creating AISystem for world MiniGame01
[2018.05.17-14.03.53:790][395]LogUObjectGlobals: Destroyed PersistentFrame Addr=0x0000000058b256b8, Size=8
[2018.05.17-14.03.53:790][395]LogUObjectGlobals: Destroyed PersistentFrame Addr=0x0000000058b25590, Size=8
[2018.05.17-14.03.53:790][395]LogUObjectGlobals: Destroyed PersistentFrame Addr=0x0000000058b24ad0, Size=8
[2018.05.17-14.03.53:790][395]LogUObjectGlobals: Destroyed PersistentFrame Addr=0x0000000058b24700, Size=8
[2018.05.17-14.03.53:790][395]LogUObjectGlobals: Destroyed PersistentFrame Addr=0x0000000037caa400, Size=1096
[2018.05.17-14.03.53:790][395]LogUObjectGlobals: Destroyed PersistentFrame Addr=0x00000000628ca5b0, Size=16
[2018.05.17-14.03.53:790][395]LogUObjectGlobals: Destroyed PersistentFrame Addr=0x0000000038615980, Size=216
[2018.05.17-14.03.53:790][395]LogUObjectGlobals: Destroyed PersistentFrame Addr=0x00000000628cb580, Size=16
[2018.05.17-14.03.53:790][395]LogUObjectGlobals: Destroyed PersistentFrame Addr=0x0000000031e0dd00, Size=1264
[2018.05.17-14.03.53:790][395]LogUObjectGlobals: Destroyed PersistentFrame Addr=0x0000000062908a40, Size=80
[2018.05.17-14.03.53:790][395]LogUObjectGlobals: Destroyed PersistentFrame Addr=0x000000003850a400, Size=1264
[2018.05.17-14.03.53:790][395]LogUObjectGlobals: Destroyed PersistentFrame Addr=0x0000000037ca1a30, Size=80
[2018.05.17-14.03.53:790][395]LogUObjectGlobals: Destroyed PersistentFrame Addr=0x00000000384edd00, Size=1264
[2018.05.17-14.03.53:790][395]LogUObjectGlobals: Destroyed PersistentFrame Addr=0x00000000629788b0, Size=80
[2018.05.17-14.03.53:790][395]LogUObjectGlobals: Destroyed PersistentFrame Addr=0x00000000384d2b00, Size=1264
[2018.05.17-14.03.53:790][395]LogUObjectGlobals: Destroyed PersistentFrame Addr=0x00000000384a63e0, Size=24
[2018.05.17-14.03.53:790][395]LogUObjectGlobals: Destroyed PersistentFrame Addr=0x000000003843a480, Size=16
[2018.05.17-14.03.53:790][395]LogUObjectGlobals: Destroyed PersistentFrame Addr=0x00000000384ca240, Size=416
[2018.05.17-14.03.53:790][395]LogUObjectGlobals: Destroyed PersistentFrame Addr=0x000000005d318e00, Size=568
[2018.05.17-14.03.53:794][395]Cmd: MAP LOAD FILE="D:/New Festplatte/Projekte/EcoChampion/Content/MiniGame01/MiniGame01.umap" TEMPLATE=0 SHOWPROGRESS=1 FEATURELEVEL=3
[2018.05.17-14.03.53:794][395]LightingResults: New page: Lighting Build
[2018.05.17-14.03.53:794][395]LoadErrors: New page: Loading map: MiniGame01.umap
[2018.05.17-14.03.53:795][395]MapCheck: New page: Map Check
[2018.05.17-14.03.53:795][395]LightingResults: New page: Lighting Build
[2018.05.17-14.03.53:887][395]LogEditorServer: Finished looking for orphan Actors (0.000 secs)
[2018.05.17-14.03.53:906][395]Cmd: MAP CHECKDEP NOCLEARLOG
[2018.05.17-14.03.53:942][395]MapCheck: Map check complete: 0 Error(s), 0 Warning(s), took 35,781ms to complete.
[2018.05.17-14.03.53:942][395]LogFileHelpers: Loading map 'MiniGame01' took 0.149
[2018.05.17-14.03.54:121][407]LogShaderCompilers: Display: Shaders left to compile 62
[2018.05.17-14.03.55:554][542]LogTemp: Repeating last play command: New Editor Window (PIE)
[2018.05.17-14.03.55:567][542]LogBlueprintUserMessages: Early PlayInEditor Detection: Level '/Game/MiniGame01/MiniGame01.MiniGame01:PersistentLevel' has LevelScriptBlueprint '/Game/MiniGame01/MiniGame01.MiniGame01:PersistentLevel.MiniGame01' with GeneratedClass '/Game/MiniGame01/MiniGame01.MiniGame01_C' with ClassGeneratedBy '/Game/MiniGame01/MiniGame01.MiniGame01:PersistentLevel.MiniGame01'
[2018.05.17-14.03.55:567][542]LogPlayLevel: PlayLevel: No blueprints needed recompiling
[2018.05.17-14.03.55:567][542]PIE: New page: PIE session: MiniGame01 (17.05.2018 18:03:55)
[2018.05.17-14.03.55:568][542]LogPlayLevel: Creating play world package: /Game/MiniGame01/UEDPIE_0_MiniGame01
[2018.05.17-14.03.55:581][542]LogPlayLevel: PIE: StaticDuplicateObject took: (0.012691s)
[2018.05.17-14.03.55:581][542]LogAIModule: Creating AISystem for world MiniGame01
[2018.05.17-14.03.55:581][542]LogPlayLevel: PIE: World Init took: (0.000852s)
[2018.05.17-14.03.55:582][542]LogPlayLevel: PIE: Created PIE world by copying editor world from /Game/MiniGame01/MiniGame01.MiniGame01 to /Game/MiniGame01/UEDPIE_0_MiniGame01.MiniGame01 (0.013935s)
[2018.05.17-14.03.55:601][542]LogInit: XAudio2 using 'Analog (1-8) (RME Hammerfall DSP)' : 6 channels at 44.1 kHz using 32 bits per sample (channel mask 0x3f)
[2018.05.17-14.03.55:612][542]LogInit: FAudioDevice initialized.
[2018.05.17-14.03.55:673][542]LogLoad: Game class is 'GM_MiniGame01_C'
[2018.05.17-14.03.55:677][542]LogWorld: Bringing World /Game/MiniGame01/UEDPIE_0_MiniGame01.MiniGame01 up for play (max tick rate 0) at 2018.05.17-16.03.55
[2018.05.17-14.03.55:678][542]LogWorld: Bringing up level for play took: 0.002796
[2018.05.17-14.03.55:686][542]LogContentBrowser: Native class hierarchy updated for 'MovieSceneCapture' in 0.0004 seconds. Added 11 classes and 0 folders.
[2018.05.17-14.03.55:700][542]PIE: Play in editor start time for /Game/MiniGame01/UEDPIE_0_MiniGame01 0,814
[2018.05.17-14.03.55:700][542]LogBlueprintUserMessages: Late PlayInEditor Detection: Level '/Game/MiniGame01/MiniGame01.MiniGame01:PersistentLevel' has LevelScriptBlueprint '/Game/MiniGame01/MiniGame01.MiniGame01:PersistentLevel.MiniGame01' with GeneratedClass '/Game/MiniGame01/MiniGame01.MiniGame01_C' with ClassGeneratedBy '/Game/MiniGame01/MiniGame01.MiniGame01:PersistentLevel.MiniGame01'
[2018.05.17-14.03.55:805][542]LogRenderer: Reallocating scene render targets to support 1552x756 Format 10 NumSamples 1 (Frame:1).
[2018.05.17-14.03.56:042][554]LogShaderCompilers: Display: Shaders left to compile 52
[2018.05.17-14.03.56:335][577]LogShaderCompilers: Display: Shaders left to compile 42
[2018.05.17-14.03.57:223][649]LogShaderCompilers: Display: Shaders left to compile 32
[2018.05.17-14.03.57:561][675]LogShaderCompilers: Display: Shaders left to compile 22
[2018.05.17-14.03.58:228][725]LogBlueprintUserMessages: [C_MiniGame01_C_0] X=363.945 Y=0.000 Z=156.406
[2018.05.17-14.03.59:254][804]LogShaderCompilers: Display: Shaders left to compile 12
[2018.05.17-14.03.59:274][805]LogBlueprintUserMessages: [C_MiniGame01_C_0] X=1718.477 Y=0.000 Z=-37.598
[2018.05.17-14.03.59:414][816]LogShaderCompilers: Display: Shaders left to compile 2
[2018.05.17-14.04.02:528][137]LogBlueprintUserMessages: [C_MiniGame01_C_0] X=3109.977 Y=0.000 Z=311.309
[2018.05.17-14.04.03:104][206]LogBlueprintUserMessages: [C_MiniGame01_C_0] X=3552.191 Y=0.000 Z=380.488
[2018.05.17-14.04.04:632][389]LogBlueprintUserMessages: [C_MiniGame01_C_0] X=4452.953 Y=0.000 Z=153.398
[2018.05.17-14.04.05:484][491]LogBlueprintUserMessages: [C_MiniGame01_C_0] X=5026.825 Y=0.000 Z=-127.832
[2018.05.17-14.04.06:253][583]LogBlueprintUserMessages: [C_MiniGame01_C_0] X=5792.903 Y=0.000 Z=-194.004
[2018.05.17-14.04.07:831][772]LogBlueprintUserMessages: [C_MiniGame01_C_0] X=7767.227 Y=0.000 Z=-52.637
[2018.05.17-14.04.09:658][991]LogBlueprintUserMessages: [C_MiniGame01_C_0] X=8149.219 Y=0.000 Z=-24.062
[2018.05.17-14.04.11:896][259]LogBlueprintUserMessages: [C_MiniGame01_C_0] X=8069.512 Y=0.000 Z=377.480
[2018.05.17-14.04.12:595][343]LogSlate: FSceneViewport::OnFocusLost() reason 0
[2018.05.17-14.04.17:022][873]LogBlueprintUserMessages: [C_MiniGame01_C_0] X=8074.024 Y=0.000 Z=-368.457
[2018.05.17-14.04.17:424][921]LogBlueprintUserMessages: [C_MiniGame01_C_0] X=8135.684 Y=0.000 Z=-407.559
[2018.05.17-14.04.17:733][958]LogBlueprintUserMessages: [C_MiniGame01_C_0] X=8132.676 Y=0.000 Z=-375.977
[2018.05.17-14.04.18:033][994]LogBlueprintUserMessages: [C_MiniGame01_C_0] X=8110.118 Y=0.000 Z=-377.480
[2018.05.17-14.04.18:341][ 31]LogBlueprintUserMessages: [C_MiniGame01_C_0] X=8110.118 Y=0.000 Z=-377.480
[2018.05.17-14.04.18:819][ 88]LogBlueprintUserMessages: [C_MiniGame01_C_0] X=8135.684 Y=0.000 Z=-388.008
[2018.05.17-14.04.19:696][193]LogBlueprintUserMessages: [C_MiniGame01_C_0] X=8137.188 Y=0.000 Z=-385.000
[2018.05.17-14.04.20:164][249]LogSlate: FSceneViewport::OnFocusLost() reason 0
[2018.05.17-14.04.23:997][708]LogSlate: Window 'EcoChampion Game Preview Standalone (64-bit/PCD3D_SM5)' being destroyed
[2018.05.17-14.04.23:999][708]LogBlueprintUserMessages: Early EndPlayMap Detection: Level '/Game/MiniGame01/MiniGame01.MiniGame01:PersistentLevel' has LevelScriptBlueprint '/Game/MiniGame01/MiniGame01.MiniGame01:PersistentLevel.MiniGame01' with GeneratedClass '/Game/MiniGame01/MiniGame01.MiniGame01_C' with ClassGeneratedBy '/Game/MiniGame01/MiniGame01.MiniGame01:PersistentLevel.MiniGame01'
[2018.05.17-14.04.24:027][708]LogBlueprintUserMessages: Late EndPlayMap Detection: Level '/Game/MiniGame01/MiniGame01.MiniGame01:PersistentLevel' has LevelScriptBlueprint '/Game/MiniGame01/MiniGame01.MiniGame01:PersistentLevel.MiniGame01' with GeneratedClass '/Game/MiniGame01/MiniGame01.MiniGame01_C' with ClassGeneratedBy '/Game/MiniGame01/MiniGame01.MiniGame01:PersistentLevel.MiniGame01'
[2018.05.17-14.04.29:457][349]LogUObjectGlobals: Created PersistentFrame Addr=0x000000005a999480, Size=96, Default__BP_Pixel_C Function /Game/MiniGame02/Blueprints/BP_Pixel.BP_Pixel_C:ExecuteUbergraph_BP_Pixel
[2018.05.17-14.04.29:461][349]LogUObjectGlobals: Destroyed PersistentFrame Addr=0x000000005a999480, Size=96
[2018.05.17-14.04.29:461][349]LogUObjectGlobals: Created PersistentFrame Addr=0x000000005a999300, Size=96, Default__BP_Pixel_C Function /Engine/Transient.REINST_BP_Pixel_C_32:ExecuteUbergraph_BP_Pixel
[2018.05.17-14.04.29:464][349]LogUObjectGlobals: Created PersistentFrame Addr=0x000000005981ca00, Size=96, Default__BP_Pixel_C Function /Game/MiniGame02/Blueprints/BP_Pixel.BP_Pixel_C:ExecuteUbergraph_BP_Pixel
[2018.05.17-14.04.29:493][349]LogAIModule: Creating AISystem for world Level01
[2018.05.17-14.04.29:525][349]LogUObjectGlobals: Destroyed PersistentFrame Addr=0x000000005a999300, Size=96
[2018.05.17-14.04.29:526][349]Cmd: MAP LOAD FILE="D:/New Festplatte/Projekte/EcoChampion/Content/MiniGame02/Level01.umap" TEMPLATE=0 SHOWPROGRESS=1 FEATURELEVEL=3
[2018.05.17-14.04.29:526][349]LightingResults: New page: Lighting Build
[2018.05.17-14.04.29:526][349]LoadErrors: New page: Loading map: Level01.umap
[2018.05.17-14.04.29:527][349]MapCheck: New page: Map Check
[2018.05.17-14.04.29:527][349]LightingResults: New page: Lighting Build
[2018.05.17-14.04.29:538][349]LogUObjectGlobals: Destroyed PersistentFrame Addr=0x0000000039653100, Size=568
[2018.05.17-14.04.29:634][349]LogEditorServer: Finished looking for orphan Actors (0.000 secs)
[2018.05.17-14.04.29:653][349]Cmd: MAP CHECKDEP NOCLEARLOG
[2018.05.17-14.04.29:684][349]MapCheck: Map check complete: 0 Error(s), 0 Warning(s), took 30,527ms to complete.
[2018.05.17-14.04.29:684][349]LogFileHelpers: Loading map 'Level01' took 0.159
[2018.05.17-14.04.30:975][495]LogTemp: Repeating last play command: New Editor Window (PIE)
[2018.05.17-14.04.30:982][495]LogPlayLevel: PlayLevel: No blueprints needed recompiling
[2018.05.17-14.04.30:983][495]PIE: New page: PIE session: Level01 (17.05.2018 18:04:30)
[2018.05.17-14.04.30:983][495]LogPlayLevel: Creating play world package: /Game/MiniGame02/UEDPIE_0_Level01
[2018.05.17-14.04.30:988][495]LogPlayLevel: PIE: StaticDuplicateObject took: (0.005570s)
[2018.05.17-14.04.30:989][495]LogAIModule: Creating AISystem for world Level01
[2018.05.17-14.04.30:989][495]LogPlayLevel: PIE: World Init took: (0.000568s)
[2018.05.17-14.04.30:989][495]LogPlayLevel: PIE: Created PIE world by copying editor world from /Game/MiniGame02/Level01.Level01 to /Game/MiniGame02/UEDPIE_0_Level01.Level01 (0.006283s)
[2018.05.17-14.04.31:004][495]LogInit: XAudio2 using 'Analog (1-8) (RME Hammerfall DSP)' : 6 channels at 44.1 kHz using 32 bits per sample (channel mask 0x3f)
[2018.05.17-14.04.31:012][495]LogInit: FAudioDevice initialized.
[2018.05.17-14.04.31:052][495]LogLoad: Game class is 'GameModeBase'
[2018.05.17-14.04.31:056][495]LogWorld: Bringing World /Game/MiniGame02/UEDPIE_0_Level01.Level01 up for play (max tick rate 0) at 2018.05.17-16.04.31
[2018.05.17-14.04.31:057][495]LogWorld: Bringing up level for play took: 0.004372
[2018.05.17-14.04.31:062][495]PIE: Play in editor start time for /Game/MiniGame02/UEDPIE_0_Level01 0,175
[2018.05.17-14.04.52:394][ 30]LogSlate: Window 'EcoChampion Game Preview Standalone (64-bit/PCD3D_SM5)' being destroyed
[2018.05.17-14.04.54:440][265]LogEditorViewport: Clicking on Actor (LMB): BP_Pixel_C (BP_Pixel51)
[2018.05.17-14.04.55:713][408]LogSlate: FSceneViewport::OnFocusLost() reason 0
[2018.05.17-14.04.56:502][467]LogContentBrowser: Native class hierarchy updated for 'BlueprintGraph' in 0.0005 seconds. Added 116 classes and 0 folders.
[2018.05.17-14.04.56:778][467]LogUObjectGlobals: Created PersistentFrame Addr=0x000000008b7d22f0, Size=4, Default__SKEL_PROTO_BP_AnimBlueprint_0_C Function /Engine/Transient.SKEL_PROTO_BP_AnimBlueprint_0_C:ExecuteUbergraph_PROTO_BP_AnimBlueprint_0
[2018.05.17-14.04.56:778][467]LogUObjectGlobals: Created PersistentFrame Addr=0x000000008b7d22e8, Size=4, Default__PROTO_BP_AnimBlueprint_0_C Function /Engine/Transient.PROTO_BP_AnimBlueprint_0_C:ExecuteUbergraph_PROTO_BP_AnimBlueprint_0
[2018.05.17-14.04.57:180][467]LogSlate: Took 0.000864 seconds to synchronously load lazily loaded font '../../../Engine/Content/Slate/Fonts/Roboto-BoldCondensed.ttf' (158K)
[2018.05.17-14.04.57:282][468]LogSlate: Took 0.002379 seconds to synchronously load lazily loaded font '../../../Engine/Content/Slate/Fonts/Roboto-Italic.ttf' (157K)
[2018.05.17-14.05.05:509][144]LogSlate: Window 'BP_Pixel' being destroyed
[2018.05.17-14.05.05:512][144]LogSlate: Window 'BP_Pixel' being destroyed
